This is pdfTeX, Version 3.14159265-2.6-1.40.21 (TeX Live 2020/Debian) (preloaded format=pdflatex 2021.9.12)  16 SEP 2021 01:30
entering extended mode
 restricted \write18 enabled.
 %&-line parsing enabled.
**practica1.tex
(./practica1.tex
LaTeX2e <2020-10-01> patch level 4
L3 programming layer <2021-01-09> xparse <2020-03-03>
(/usr/share/texlive/texmf-dist/tex/latex/base/article.cls
Document Class: article 2020/04/10 v1.4m Standard LaTeX document class
(/usr/share/texlive/texmf-dist/tex/latex/base/size10.clo
File: size10.clo 2020/04/10 v1.4m Standard LaTeX file (size option)
)
\c@part=\count177
\c@section=\count178
\c@subsection=\count179
\c@subsubsection=\count180
\c@paragraph=\count181
\c@subparagraph=\count182
\c@figure=\count183
\c@table=\count184
\abovecaptionskip=\skip47
\belowcaptionskip=\skip48
\bibindent=\dimen138
)
(/usr/share/texlive/texmf-dist/tex/latex/graphics/graphicx.sty
Package: graphicx 2020/09/09 v1.2b Enhanced LaTeX Graphics (DPC,SPQR)

(/usr/share/texlive/texmf-dist/tex/latex/graphics/keyval.sty
Package: keyval 2014/10/28 v1.15 key=value parser (DPC)
\KV@toks@=\toks15
)
(/usr/share/texlive/texmf-dist/tex/latex/graphics/graphics.sty
Package: graphics 2020/08/30 v1.4c Standard LaTeX Graphics (DPC,SPQR)

(/usr/share/texlive/texmf-dist/tex/latex/graphics/trig.sty
Package: trig 2016/01/03 v1.10 sin cos tan (DPC)
)
(/usr/share/texlive/texmf-dist/tex/latex/graphics-cfg/graphics.cfg
File: graphics.cfg 2016/06/04 v1.11 sample graphics configuration
)
Package graphics Info: Driver file: pdftex.def on input line 105.

(/usr/share/texlive/texmf-dist/tex/latex/graphics-def/pdftex.def
File: pdftex.def 2020/10/05 v1.2a Graphics/color driver for pdftex
))
\Gin@req@height=\dimen139
\Gin@req@width=\dimen140
)
(/usr/share/texlive/texmf-dist/tex/latex/hyperref/hyperref.sty
Package: hyperref 2020-05-15 v7.00e Hypertext links for LaTeX

(/usr/share/texlive/texmf-dist/tex/generic/ltxcmds/ltxcmds.sty
Package: ltxcmds 2020-05-10 v1.25 LaTeX kernel commands for general use (HO)
)
(/usr/share/texlive/texmf-dist/tex/generic/iftex/iftex.sty
Package: iftex 2020/03/06 v1.0d TeX engine tests
)
(/usr/share/texlive/texmf-dist/tex/generic/pdftexcmds/pdftexcmds.sty
Package: pdftexcmds 2020-06-27 v0.33 Utility functions of pdfTeX for LuaTeX (HO
)

(/usr/share/texlive/texmf-dist/tex/generic/infwarerr/infwarerr.sty
Package: infwarerr 2019/12/03 v1.5 Providing info/warning/error messages (HO)
)
Package pdftexcmds Info: \pdf@primitive is available.
Package pdftexcmds Info: \pdf@ifprimitive is available.
Package pdftexcmds Info: \pdfdraftmode found.
)
(/usr/share/texlive/texmf-dist/tex/generic/kvsetkeys/kvsetkeys.sty
Package: kvsetkeys 2019/12/15 v1.18 Key value parser (HO)
)
(/usr/share/texlive/texmf-dist/tex/generic/kvdefinekeys/kvdefinekeys.sty
Package: kvdefinekeys 2019-12-19 v1.6 Define keys (HO)
)
(/usr/share/texlive/texmf-dist/tex/generic/pdfescape/pdfescape.sty
Package: pdfescape 2019/12/09 v1.15 Implements pdfTeX's escape features (HO)
)
(/usr/share/texlive/texmf-dist/tex/latex/hycolor/hycolor.sty
Package: hycolor 2020-01-27 v1.10 Color options for hyperref/bookmark (HO)
)
(/usr/share/texlive/texmf-dist/tex/latex/letltxmacro/letltxmacro.sty
Package: letltxmacro 2019/12/03 v1.6 Let assignment for LaTeX macros (HO)
)
(/usr/share/texlive/texmf-dist/tex/latex/auxhook/auxhook.sty
Package: auxhook 2019-12-17 v1.6 Hooks for auxiliary files (HO)
)
(/usr/share/texlive/texmf-dist/tex/latex/kvoptions/kvoptions.sty
Package: kvoptions 2020-10-07 v3.14 Key value format for package options (HO)
)
\@linkdim=\dimen141
\Hy@linkcounter=\count185
\Hy@pagecounter=\count186

(/usr/share/texlive/texmf-dist/tex/latex/hyperref/pd1enc.def
File: pd1enc.def 2020-05-15 v7.00e Hyperref: PDFDocEncoding definition (HO)
Now handling font encoding PD1 ...
... no UTF-8 mapping file for font encoding PD1
)
(/usr/share/texlive/texmf-dist/tex/generic/intcalc/intcalc.sty
Package: intcalc 2019/12/15 v1.3 Expandable calculations with integers (HO)
)
(/usr/share/texlive/texmf-dist/tex/generic/etexcmds/etexcmds.sty
Package: etexcmds 2019/12/15 v1.7 Avoid name clashes with e-TeX commands (HO)
)
\Hy@SavedSpaceFactor=\count187
Package hyperref Info: Hyper figures OFF on input line 4464.
Package hyperref Info: Link nesting OFF on input line 4469.
Package hyperref Info: Hyper index ON on input line 4472.
Package hyperref Info: Plain pages OFF on input line 4479.
Package hyperref Info: Backreferencing OFF on input line 4484.
Package hyperref Info: Implicit mode ON; LaTeX internals redefined.
Package hyperref Info: Bookmarks ON on input line 4717.
\c@Hy@tempcnt=\count188

(/usr/share/texlive/texmf-dist/tex/latex/url/url.sty
\Urlmuskip=\muskip16
Package: url 2013/09/16  ver 3.4  Verb mode for urls, etc.
)
LaTeX Info: Redefining \url on input line 5076.
\XeTeXLinkMargin=\dimen142

(/usr/share/texlive/texmf-dist/tex/generic/bitset/bitset.sty
Package: bitset 2019/12/09 v1.3 Handle bit-vector datatype (HO)

(/usr/share/texlive/texmf-dist/tex/generic/bigintcalc/bigintcalc.sty
Package: bigintcalc 2019/12/15 v1.5 Expandable calculations on big integers (HO
)
))
\Fld@menulength=\count189
\Field@Width=\dimen143
\Fld@charsize=\dimen144
Package hyperref Info: Hyper figures OFF on input line 6347.
Package hyperref Info: Link nesting OFF on input line 6352.
Package hyperref Info: Hyper index ON on input line 6355.
Package hyperref Info: backreferencing OFF on input line 6362.
Package hyperref Info: Link coloring OFF on input line 6367.
Package hyperref Info: Link coloring with OCG OFF on input line 6372.
Package hyperref Info: PDF/A mode OFF on input line 6377.
LaTeX Info: Redefining \ref on input line 6417.
LaTeX Info: Redefining \pageref on input line 6421.

(/usr/share/texlive/texmf-dist/tex/latex/base/atbegshi-ltx.sty
Package: atbegshi-ltx 2020/08/17 v1.0a Emulation of the original atbegshi packa
ge
with kernel methods
)
\Hy@abspage=\count190
\c@Item=\count191
\c@Hfootnote=\count192
)
Package hyperref Info: Driver (autodetected): hpdftex.

(/usr/share/texlive/texmf-dist/tex/latex/hyperref/hpdftex.def
File: hpdftex.def 2020-05-15 v7.00e Hyperref driver for pdfTeX

(/usr/share/texlive/texmf-dist/tex/latex/base/atveryend-ltx.sty
Package: atveryend-ltx 2020/08/19 v1.0a Emulation of the original atvery packag
e
with kernel methods
)
\Fld@listcount=\count193
\c@bookmark@seq@number=\count194

(/usr/share/texlive/texmf-dist/tex/latex/rerunfilecheck/rerunfilecheck.sty
Package: rerunfilecheck 2019/12/05 v1.9 Rerun checks for auxiliary files (HO)

(/usr/share/texlive/texmf-dist/tex/generic/uniquecounter/uniquecounter.sty
Package: uniquecounter 2019/12/15 v1.4 Provide unlimited unique counter (HO)
)
Package uniquecounter Info: New unique counter `rerunfilecheck' on input line 2
86.
)
\Hy@SectionHShift=\skip49
)
(/usr/share/texlive/texmf-dist/tex/latex/float/float.sty
Package: float 2001/11/08 v1.3d Float enhancements (AL)
\c@float@type=\count195
\float@exts=\toks16
\float@box=\box47
\@float@everytoks=\toks17
\@floatcapt=\box48
)
(/usr/share/texlive/texmf-dist/tex/latex/tools/multicol.sty
Package: multicol 2019/12/09 v1.8y multicolumn formatting (FMi)
\c@tracingmulticols=\count196
\mult@box=\box49
\multicol@leftmargin=\dimen145
\c@unbalance=\count197
\c@collectmore=\count198
\doublecol@number=\count199
\multicoltolerance=\count266
\multicolpretolerance=\count267
\full@width=\dimen146
\page@free=\dimen147
\premulticols=\dimen148
\postmulticols=\dimen149
\multicolsep=\skip50
\multicolbaselineskip=\skip51
\partial@page=\box50
\last@line=\box51
\maxbalancingoverflow=\dimen150
\mult@rightbox=\box52
\mult@grightbox=\box53
\mult@gfirstbox=\box54
\mult@firstbox=\box55
\@tempa=\box56
\@tempa=\box57
\@tempa=\box58
\@tempa=\box59
\@tempa=\box60
\@tempa=\box61
\@tempa=\box62
\@tempa=\box63
\@tempa=\box64
\@tempa=\box65
\@tempa=\box66
\@tempa=\box67
\@tempa=\box68
\@tempa=\box69
\@tempa=\box70
\@tempa=\box71
\@tempa=\box72
\@tempa=\box73
\@tempa=\box74
\@tempa=\box75
\@tempa=\box76
\@tempa=\box77
\@tempa=\box78
\@tempa=\box79
\@tempa=\box80
\@tempa=\box81
\@tempa=\box82
\@tempa=\box83
\@tempa=\box84
\@tempa=\box85
\@tempa=\box86
\@tempa=\box87
\@tempa=\box88
\@tempa=\box89
\@tempa=\box90
\@tempa=\box91
\@tempa=\box92
\c@minrows=\count268
\c@columnbadness=\count269
\c@finalcolumnbadness=\count270
\last@try=\dimen151
\multicolovershoot=\dimen152
\multicolundershoot=\dimen153
\mult@nat@firstbox=\box93
\colbreak@box=\box94
\mc@col@check@num=\count271
)
(/usr/share/texlive/texmf-dist/tex/latex/l3backend/l3backend-pdftex.def
File: l3backend-pdftex.def 2020-01-29 L3 backend support: PDF output (pdfTeX)
\l__color_backend_stack_int=\count272
\l__pdf_internal_box=\box95
)
(./practica1.aux)
\openout1 = `practica1.aux'.

LaTeX Font Info:    Checking defaults for OML/cmm/m/it on input line 11.
LaTeX Font Info:    ... okay on input line 11.
LaTeX Font Info:    Checking defaults for OMS/cmsy/m/n on input line 11.
LaTeX Font Info:    ... okay on input line 11.
LaTeX Font Info:    Checking defaults for OT1/cmr/m/n on input line 11.
LaTeX Font Info:    ... okay on input line 11.
LaTeX Font Info:    Checking defaults for T1/cmr/m/n on input line 11.
LaTeX Font Info:    ... okay on input line 11.
LaTeX Font Info:    Checking defaults for TS1/cmr/m/n on input line 11.
LaTeX Font Info:    ... okay on input line 11.
LaTeX Font Info:    Checking defaults for OMX/cmex/m/n on input line 11.
LaTeX Font Info:    ... okay on input line 11.
LaTeX Font Info:    Checking defaults for U/cmr/m/n on input line 11.
LaTeX Font Info:    ... okay on input line 11.
LaTeX Font Info:    Checking defaults for PD1/pdf/m/n on input line 11.
LaTeX Font Info:    ... okay on input line 11.

(/usr/share/texlive/texmf-dist/tex/context/base/mkii/supp-pdf.mkii
[Loading MPS to PDF converter (version 2006.09.02).]
\scratchcounter=\count273
\scratchdimen=\dimen154
\scratchbox=\box96
\nofMPsegments=\count274
\nofMParguments=\count275
\everyMPshowfont=\toks18
\MPscratchCnt=\count276
\MPscratchDim=\dimen155
\MPnumerator=\count277
\makeMPintoPDFobject=\count278
\everyMPtoPDFconversion=\toks19
) (/usr/share/texlive/texmf-dist/tex/latex/epstopdf-pkg/epstopdf-base.sty
Package: epstopdf-base 2020-01-24 v2.11 Base part for package epstopdf
Package epstopdf-base Info: Redefining graphics rule for `.eps' on input line 4
85.

(/usr/share/texlive/texmf-dist/tex/latex/latexconfig/epstopdf-sys.cfg
File: epstopdf-sys.cfg 2010/07/13 v1.3 Configuration of (r)epstopdf for TeX Liv
e
))
Package hyperref Info: Link coloring OFF on input line 11.

(/usr/share/texlive/texmf-dist/tex/latex/hyperref/nameref.sty
Package: nameref 2019/09/16 v2.46 Cross-referencing by name of section

(/usr/share/texlive/texmf-dist/tex/latex/refcount/refcount.sty
Package: refcount 2019/12/15 v3.6 Data extraction from label references (HO)
)
(/usr/share/texlive/texmf-dist/tex/generic/gettitlestring/gettitlestring.sty
Package: gettitlestring 2019/12/15 v1.6 Cleanup title references (HO)
)
\c@section@level=\count279
)
LaTeX Info: Redefining \ref on input line 11.
LaTeX Info: Redefining \pageref on input line 11.
LaTeX Info: Redefining \nameref on input line 11.

(./practica1.out) (./practica1.out)
\@outlinefile=\write3
\openout3 = `practica1.out'.

LaTeX Font Info:    External font `cmex10' loaded for size
(Font)              <12> on input line 14.
LaTeX Font Info:    External font `cmex10' loaded for size
(Font)              <8> on input line 14.
LaTeX Font Info:    External font `cmex10' loaded for size
(Font)              <6> on input line 14.

Underfull \hbox (badness 10000) in paragraph at lines 35--36

 []

[1

{/var/lib/texmf/fonts/map/pdftex/updmap/pdftex.map}]
Underfull \hbox (badness 10000) in paragraph at lines 64--65

 []

[2] [3] [4] [5] [6]
Underfull \hbox (badness 10000) in paragraph at lines 183--184

 []


Overfull \hbox (1.58847pt too wide) in paragraph at lines 185--186
[]\OT1/cmr/m/n/10 Despu^^Ses de in-gre-sar a la funci^^Son \OT1/cmr/m/it/10 mai
n()\OT1/cmr/m/n/10 , se usa la funci^^Son \OT1/cmr/m/it/10 srand(time(NULL))
 []


Underfull \hbox (badness 10000) in paragraph at lines 185--186

 []


Underfull \hbox (badness 10000) in paragraph at lines 187--188

 []

<images/e2-main.png, id=130, 323.2075pt x 109.40875pt>
File: images/e2-main.png Graphic file (type png)
<use images/e2-main.png>
Package pdftex.def Info: images/e2-main.png  used on input line 193.
(pdftex.def)             Requested size: 258.56635pt x 87.5271pt.
<images/e2-1.png, id=131, 328.22626pt x 151.56625pt>
File: images/e2-1.png Graphic file (type png)
<use images/e2-1.png>
Package pdftex.def Info: images/e2-1.png  used on input line 209.
(pdftex.def)             Requested size: 262.58136pt x 121.25316pt.

LaTeX Warning: `h' float specifier changed to `ht'.

[7pdfTeX warning (ext4): destination with the same identifier (name{figure.1}) 
has been already used, duplicate ignored
<argument> ...shipout:D \box_use:N \l_shipout_box 
                                                  
l.216 			
          <./images/e2-main.png>]
<images/e2-2.png, id=138, 435.6275pt x 145.54375pt>
File: images/e2-2.png Graphic file (type png)
<use images/e2-2.png>
Package pdftex.def Info: images/e2-2.png  used on input line 219.
(pdftex.def)             Requested size: 348.50247pt x 116.43513pt.

Overfull \hbox (3.50247pt too wide) in paragraph at lines 219--220
 [][] 
 []

<images/e2-3-1.png, id=139, 440.64626pt x 534.99875pt>
File: images/e2-3-1.png Graphic file (type png)
<use images/e2-3-1.png>
Package pdftex.def Info: images/e2-3-1.png  used on input line 231.
(pdftex.def)             Requested size: 352.51747pt x 427.99957pt.

Overfull \hbox (7.51747pt too wide) in paragraph at lines 231--232
 [][] 
 []

[8pdfTeX warning (ext4): destination with the same identifier (name{figure.2}) 
has been already used, duplicate ignored
<argument> ...shipout:D \box_use:N \l_shipout_box 
                                                  
l.234 		
        pdfTeX warning (ext4): destination with the same identifier (name{figur
e.3}) has been already used, duplicate ignored
<argument> ...shipout:D \box_use:N \l_shipout_box 
                                                  
l.234 		
         <./images/e2-1.png> <./images/e2-2.png>]
<images/e2-3-2.png, id=146, 436.63126pt x 317.185pt>
File: images/e2-3-2.png Graphic file (type png)
<use images/e2-3-2.png>
Package pdftex.def Info: images/e2-3-2.png  used on input line 237.
(pdftex.def)             Requested size: 349.30548pt x 253.74832pt.

Overfull \hbox (4.30548pt too wide) in paragraph at lines 237--238
 [][] 
 []

[9pdfTeX warning (ext4): destination with the same identifier (name{figure.4}) 
has been already used, duplicate ignored
<argument> ...shipout:D \box_use:N \l_shipout_box 
                                                  
l.240 			\newpage
                  <./images/e2-3-1.png>] [10pdfTeX warning (ext4): destination 
with the same identifier (name{figure.5}) has been already used, duplicate igno
red
<argument> ...shipout:D \box_use:N \l_shipout_box 
                                                  
l.240 			\newpage
                  <./images/e2-3-2.png>]
<images/e2-4-1.png, id=157, 435.6275pt x 172.645pt>
File: images/e2-4-1.png Graphic file (type png)
<use images/e2-4-1.png>
Package pdftex.def Info: images/e2-4-1.png  used on input line 250.
(pdftex.def)             Requested size: 348.50247pt x 138.11617pt.

Overfull \hbox (3.50247pt too wide) in paragraph at lines 250--251
 [][] 
 []

[11pdfTeX warning (ext4): destination with the same identifier (name{figure.6})
 has been already used, duplicate ignored
<argument> ...shipout:D \box_use:N \l_shipout_box 
                                                  
l.253 			\newpage
                  <./images/e2-4-1.png>]
<images/e2-4-2.png, id=163, 440.64626pt x 491.8375pt>
File: images/e2-4-2.png Graphic file (type png)
<use images/e2-4-2.png>
Package pdftex.def Info: images/e2-4-2.png  used on input line 259.
(pdftex.def)             Requested size: 352.51747pt x 393.47052pt.

Overfull \hbox (7.51747pt too wide) in paragraph at lines 259--260
 [][] 
 []

<images/e2-4-3.png, id=164, 435.6275pt x 493.845pt>
File: images/e2-4-3.png Graphic file (type png)
<use images/e2-4-3.png>
Package pdftex.def Info: images/e2-4-3.png  used on input line 265.
(pdftex.def)             Requested size: 348.50247pt x 395.07652pt.

Overfull \hbox (3.50247pt too wide) in paragraph at lines 265--266
 [][] 
 []

[12pdfTeX warning (ext4): destination with the same identifier (name{figure.7})
 has been already used, duplicate ignored
<argument> ...shipout:D \box_use:N \l_shipout_box 
                                                  
l.268 			\newpage
                  <./images/e2-4-2.png>] [13pdfTeX warning (ext4): destination 
with the same identifier (name{figure.8}) has been already used, duplicate igno
red
<argument> ...shipout:D \box_use:N \l_shipout_box 
                                                  
l.268 			\newpage
                  <./images/e2-4-3.png>]
<images/e2-5-1.png, id=177, 437.635pt x 180.675pt>
File: images/e2-5-1.png Graphic file (type png)
<use images/e2-5-1.png>
Package pdftex.def Info: images/e2-5-1.png  used on input line 278.
(pdftex.def)             Requested size: 350.10847pt x 144.54018pt.

Overfull \hbox (5.10847pt too wide) in paragraph at lines 278--279
 [][] 
 []

<images/e2-5-2.png, id=178, 434.62375pt x 474.77374pt>
File: images/e2-5-2.png Graphic file (type png)
<use images/e2-5-2.png>
Package pdftex.def Info: images/e2-5-2.png  used on input line 284.
(pdftex.def)             Requested size: 347.69946pt x 379.8195pt.

Overfull \hbox (2.69946pt too wide) in paragraph at lines 284--285
 [][] 
 []

[14pdfTeX warning (ext4): destination with the same identifier (name{figure.9})
 has been already used, duplicate ignored
<argument> ...shipout:D \box_use:N \l_shipout_box 
                                                  
l.287 			
          <./images/e2-5-1.png>]
<images/e2-5-3.png, id=184, 433.62pt x 485.815pt>
File: images/e2-5-3.png Graphic file (type png)
<use images/e2-5-3.png>
Package pdftex.def Info: images/e2-5-3.png  used on input line 290.
(pdftex.def)             Requested size: 346.89647pt x 388.65253pt.

Overfull \hbox (1.89647pt too wide) in paragraph at lines 290--291
 [][] 
 []

[15pdfTeX warning (ext4): destination with the same identifier (name{figure.10}
) has been already used, duplicate ignored
<argument> ...shipout:D \box_use:N \l_shipout_box 
                                                  
l.293 		
         <./images/e2-5-2.png>]
<images/e2-5-4.png, id=190, 432.61626pt x 402.50375pt>
File: images/e2-5-4.png Graphic file (type png)
<use images/e2-5-4.png>
Package pdftex.def Info: images/e2-5-4.png  used on input line 296.
(pdftex.def)             Requested size: 346.09348pt x 322.00343pt.

Overfull \hbox (1.09348pt too wide) in paragraph at lines 296--297
 [][] 
 []

[16pdfTeX warning (ext4): destination with the same identifier (name{figure.11}
) has been already used, duplicate ignored
<argument> ...shipout:D \box_use:N \l_shipout_box 
                                                  
l.299 			\newpage
                  <./images/e2-5-3.png>] [17pdfTeX warning (ext4): destination 
with the same identifier (name{figure.12}) has been already used, duplicate ign
ored
<argument> ...shipout:D \box_use:N \l_shipout_box 
                                                  
l.299 			\newpage
                  <./images/e2-5-4.png>]
<images/e2-exit.png, id=201, 228.855pt x 160.6pt>
File: images/e2-exit.png Graphic file (type png)
<use images/e2-exit.png>
Package pdftex.def Info: images/e2-exit.png  used on input line 307.
(pdftex.def)             Requested size: 183.08423pt x 128.48016pt.
 [18pdfTeX warning (ext4): destination with the same identifier (name{figure.13
}) has been already used, duplicate ignored
<argument> ...shipout:D \box_use:N \l_shipout_box 
                                                  
l.310 		\newpage
                 <./images/e2-exit.png>]
Underfull \hbox (badness 10000) in paragraph at lines 314--315

 []

<images/total - graph.png, id=207, 497.86pt x 270.00874pt>
File: images/total - graph.png Graphic file (type png)
<use images/total - graph.png>
Package pdftex.def Info: images/total - graph.png  used on input line 338.
(pdftex.def)             Requested size: 398.28853pt x 216.00728pt.

Overfull \hbox (53.28853pt too wide) in paragraph at lines 338--339
 [][] 
 []

LaTeX Font Info:    External font `cmex10' loaded for size
(Font)              <7> on input line 344.
LaTeX Font Info:    External font `cmex10' loaded for size
(Font)              <5> on input line 344.
[19pdfTeX warning (ext4): destination with the same identifier (name{figure.14}
) has been already used, duplicate ignored
<argument> ...shipout:D \box_use:N \l_shipout_box 
                                                  
l.345 			
          <./images/total - graph.png>]
<images/selection-graph.png, id=214, 583.17876pt x 338.26375pt>
File: images/selection-graph.png Graphic file (type png)
<use images/selection-graph.png>
Package pdftex.def Info: images/selection-graph.png  used on input line 348.
(pdftex.def)             Requested size: 379.0617pt x 219.86882pt.

Overfull \hbox (34.0617pt too wide) in paragraph at lines 348--349
 [][] 
 []

[20pdfTeX warning (ext4): destination with the same identifier (name{figure.15}
) has been already used, duplicate ignored
<argument> ...shipout:D \box_use:N \l_shipout_box 
                                                  
l.351 			\newpage
                  <./images/selection-graph.png>]
<images/insertion- graph.png, id=222, 577.15625pt x 336.25626pt>
File: images/insertion- graph.png Graphic file (type png)
<use images/insertion- graph.png>
Package pdftex.def Info: images/insertion- graph.png  used on input line 371.
(pdftex.def)             Requested size: 375.14711pt x 218.56396pt.

Overfull \hbox (30.14711pt too wide) in paragraph at lines 371--372
 [][] 
 []

[21pdfTeX warning (ext4): destination with the same identifier (name{figure.16}
) has been already used, duplicate ignored
<argument> ...shipout:D \box_use:N \l_shipout_box 
                                                  
l.374 			\newpage
                  <./images/insertion- graph.png>]
<images/heap-graph.png, id=228, 579.16376pt x 338.26375pt>
File: images/heap-graph.png Graphic file (type png)
<use images/heap-graph.png>
Package pdftex.def Info: images/heap-graph.png  used on input line 383.
(pdftex.def)             Requested size: 347.50093pt x 202.95981pt.

Overfull \hbox (2.50093pt too wide) in paragraph at lines 383--384
 [][] 
 []

[22pdfTeX warning (ext4): destination with the same identifier (name{figure.17}
) has been already used, duplicate ignored
<argument> ...shipout:D \box_use:N \l_shipout_box 
                                                  
l.386 			\newpage
                  <./images/heap-graph.png>]
<images/e3-1.png, id=234, 326.21875pt x 457.71pt>
File: images/e3-1.png Graphic file (type png)
<use images/e3-1.png>
Package pdftex.def Info: images/e3-1.png  used on input line 394.
(pdftex.def)             Requested size: 167.5pt x 235.02138pt.
<images/e3-2.png, id=235, 264.99pt x 449.68pt>
File: images/e3-2.png Graphic file (type png)
<use images/e3-2.png>
Package pdftex.def Info: images/e3-2.png  used on input line 395.
(pdftex.def)             Requested size: 167.5pt x 284.24678pt.
<images/e3-3.png, id=236, 264.99pt x 494.84875pt>
File: images/e3-3.png Graphic file (type png)
<use images/e3-3.png>
Package pdftex.def Info: images/e3-3.png  used on input line 402.
(pdftex.def)             Requested size: 167.5pt x 312.79837pt.
<images/e3-4.png, id=237, 253.94875pt x 451.6875pt>
File: images/e3-4.png Graphic file (type png)
<use images/e3-4.png>
Package pdftex.def Info: images/e3-4.png  used on input line 403.
(pdftex.def)             Requested size: 167.5pt x 297.93547pt.
 [23pdfTeX warning (ext4): destination with the same identifier (name{figure.18
}) has been already used, duplicate ignored
<argument> ...shipout:D \box_use:N \l_shipout_box 
                                                  
l.407 		
         <./images/e3-1.png> <./images/e3-2.png>]
<images/e3-5.png, id=243, 260.975pt x 450.68375pt>
File: images/e3-5.png Graphic file (type png)
<use images/e3-5.png>
Package pdftex.def Info: images/e3-5.png  used on input line 410.
(pdftex.def)             Requested size: 167.5pt x 289.26183pt.
<images/e3-6.png, id=244, 288.07625pt x 444.66125pt>
File: images/e3-6.png Graphic file (type png)
<use images/e3-6.png>
Package pdftex.def Info: images/e3-6.png  used on input line 411.
(pdftex.def)             Requested size: 167.5pt x 258.55505pt.
 [24pdfTeX warning (ext4): destination with the same identifier (name{figure.19
}) has been already used, duplicate ignored
<argument> ...shipout:D \box_use:N \l_shipout_box 
                                                  
l.415 		
         <./images/e3-3.png> <./images/e3-4.png>]
<images/e3-8.png, id=250, 327.2225pt x 445.665pt>
File: images/e3-8.png Graphic file (type png)
<use images/e3-8.png>
Package pdftex.def Info: images/e3-8.png  used on input line 418.
(pdftex.def)             Requested size: 167.5pt x 228.12938pt.
<images/e3-9.png, id=251, 340.27126pt x 449.68pt>
File: images/e3-9.png Graphic file (type png)
<use images/e3-9.png>
Package pdftex.def Info: images/e3-9.png  used on input line 419.
(pdftex.def)             Requested size: 167.5pt x 221.35378pt.
 [25pdfTeX warning (ext4): destination with the same identifier (name{figure.20
}) has been already used, duplicate ignored
<argument> ...shipout:D \box_use:N \l_shipout_box 
                                                  
l.423 		
         <./images/e3-5.png> <./images/e3-6.png>]
<images/e3-10.png, id=258, 336.25626pt x 115.43124pt>
File: images/e3-10.png Graphic file (type png)
<use images/e3-10.png>
Package pdftex.def Info: images/e3-10.png  used on input line 426.
(pdftex.def)             Requested size: 269.00537pt x 92.34511pt.
 [26pdfTeX warning (ext4): destination with the same identifier (name{figure.21
}) has been already used, duplicate ignored
<argument> ...shipout:D \box_use:N \l_shipout_box 
                                                  
l.430 		\newpage
                pdfTeX warning (ext4): destination with the same identifier (na
me{figure.22}) has been already used, duplicate ignored
<argument> ...shipout:D \box_use:N \l_shipout_box 
                                                  
l.430 		\newpage
                 <./images/e3-8.png> <./images/e3-9.png> <./images/e3-10.png>]
<images/e4-1.png, id=265, 411.5375pt x 291.0875pt>
File: images/e4-1.png Graphic file (type png)
<use images/e4-1.png>
Package pdftex.def Info: images/e4-1.png  used on input line 438.
(pdftex.def)             Requested size: 246.92441pt x 174.65384pt.

Underfull \hbox (badness 10000) in paragraph at lines 444--445

 []


Underfull \hbox (badness 10000) in paragraph at lines 446--447

 []


Underfull \hbox (badness 10000) in paragraph at lines 448--449

 []


Underfull \hbox (badness 10000) in paragraph at lines 450--451

 []


Underfull \hbox (badness 10000) in paragraph at lines 454--455

 []

[27pdfTeX warning (ext4): destination with the same identifier (name{figure.23}
) has been already used, duplicate ignored
<argument> ...shipout:D \box_use:N \l_shipout_box 
                                                  
l.455 			
          <./images/e4-1.png>] [28]
Underfull \hbox (badness 10000) in paragraph at lines 462--463

 []


Underfull \hbox (badness 10000) in paragraph at lines 464--465

 []


Underfull \hbox (badness 10000) in paragraph at lines 466--467

 []


Underfull \hbox (badness 10000) in paragraph at lines 468--469

 []

<images/test.png, id=275, 339.2675pt x 192.72pt>
File: images/test.png Graphic file (type png)
<use images/test.png>
Package pdftex.def Info: images/test.png  used on input line 474.
(pdftex.def)             Requested size: 271.41435pt x 154.1762pt.

Underfull \hbox (badness 10000) in paragraph at lines 478--479

 []


Underfull \hbox (badness 10000) in paragraph at lines 480--481

 []

[29pdfTeX warning (ext4): destination with the same identifier (name{figure.24}
) has been already used, duplicate ignored
<argument> ...shipout:D \box_use:N \l_shipout_box 
                                                  
l.481 	
        <./images/test.png>]
Underfull \hbox (badness 10000) in paragraph at lines 482--483

 []

[30] (./practica1.aux)
Package rerunfilecheck Info: File `practica1.out' has not changed.
(rerunfilecheck)             Checksum: E5F552120BA5EF8ABB1C76633E0F20C1;1643.
 ) 
Here is how much of TeX's memory you used:
 5683 strings out of 479304
 88739 string characters out of 5869779
 394106 words of memory out of 5000000
 22689 multiletter control sequences out of 15000+600000
 408893 words of font info for 45 fonts, out of 8000000 for 9000
 1141 hyphenation exceptions out of 8191
 71i,6n,74p,560b,448s stack positions out of 5000i,500n,10000p,200000b,80000s
{/usr/share/texmf/fonts/enc/dvips/cm-super/cm-super-ts1.enc}</usr/share/texli
ve/texmf-dist/fonts/type1/public/amsfonts/cm/cmbx10.pfb></usr/share/texlive/tex
mf-dist/fonts/type1/public/amsfonts/cm/cmbx12.pfb></usr/share/texlive/texmf-dis
t/fonts/type1/public/amsfonts/cm/cmbxti10.pfb></usr/share/texlive/texmf-dist/fo
nts/type1/public/amsfonts/cm/cmmi10.pfb></usr/share/texlive/texmf-dist/fonts/ty
pe1/public/amsfonts/cm/cmr10.pfb></usr/share/texlive/texmf-dist/fonts/type1/pub
lic/amsfonts/cm/cmr12.pfb></usr/share/texlive/texmf-dist/fonts/type1/public/ams
fonts/cm/cmr17.pfb></usr/share/texlive/texmf-dist/fonts/type1/public/amsfonts/c
m/cmr7.pfb></usr/share/texlive/texmf-dist/fonts/type1/public/amsfonts/cm/cmti10
.pfb></usr/share/texlive/texmf-dist/fonts/type1/public/amsfonts/cm/cmtt10.pfb><
/usr/share/texmf/fonts/type1/public/cm-super/sfrm1000.pfb>
Output written on practica1.pdf (30 pages, 789575 bytes).
PDF statistics:
 342 PDF objects out of 1000 (max. 8388607)
 268 compressed objects within 3 object streams
 78 named destinations out of 1000 (max. 500000)
 325 words of extra memory for PDF output out of 10000 (max. 10000000)

