\BOOKMARK [1][-]{section.1}{Objetivo}{}% 1
\BOOKMARK [1][-]{section.2}{Desarrollo}{}% 2
\BOOKMARK [2][-]{subsection.2.1}{Ejercicio 1}{section.2}% 3
\BOOKMARK [3][-]{subsubsection.2.1.1}{QuickSort}{subsection.2.1}% 4
\BOOKMARK [3][-]{subsubsection.2.1.2}{BubbleSort}{subsection.2.1}% 5
\BOOKMARK [3][-]{subsubsection.2.1.3}{BubbleSort - Stop}{subsection.2.1}% 6
\BOOKMARK [2][-]{subsection.2.2}{Ejercicio 2}{section.2}% 7
\BOOKMARK [2][-]{subsection.2.3}{Ejercicio 3}{section.2}% 8
\BOOKMARK [3][-]{subsubsection.2.3.1}{Menu}{subsection.2.3}% 9
\BOOKMARK [3][-]{subsubsection.2.3.2}{Quick Sort}{subsection.2.3}% 10
\BOOKMARK [3][-]{subsubsection.2.3.3}{Bubble Sort}{subsection.2.3}% 11
\BOOKMARK [3][-]{subsubsection.2.3.4}{Merge Sort}{subsection.2.3}% 12
\BOOKMARK [2][-]{subsection.2.4}{Ejercicio 4}{section.2}% 13
\BOOKMARK [3][-]{subsubsection.2.4.1}{Graficas de Complejidad}{subsection.2.4}% 14
\BOOKMARK [3][-]{subsubsection.2.4.2}{Quick Sort}{subsection.2.4}% 15
\BOOKMARK [3][-]{subsubsection.2.4.3}{Bubble Sort}{subsection.2.4}% 16
\BOOKMARK [3][-]{subsubsection.2.4.4}{Merge Sort}{subsection.2.4}% 17
\BOOKMARK [3][-]{subsubsection.2.4.5}{Output}{subsection.2.4}% 18
\BOOKMARK [2][-]{subsection.2.5}{Ejercicio 5}{section.2}% 19
\BOOKMARK [1][-]{section.3}{Conclusiones}{}% 20
