This is pdfTeX, Version 3.14159265-2.6-1.40.21 (TeX Live 2020/Debian) (preloaded format=pdflatex 2021.9.12)  26 SEP 2021 03:31
entering extended mode
 restricted \write18 enabled.
 %&-line parsing enabled.
**practica2latex.tex
(./practica2latex.tex
LaTeX2e <2020-10-01> patch level 4
L3 programming layer <2021-01-09> xparse <2020-03-03>
(/usr/share/texlive/texmf-dist/tex/latex/base/article.cls
Document Class: article 2020/04/10 v1.4m Standard LaTeX document class
(/usr/share/texlive/texmf-dist/tex/latex/base/size10.clo
File: size10.clo 2020/04/10 v1.4m Standard LaTeX file (size option)
)
\c@part=\count177
\c@section=\count178
\c@subsection=\count179
\c@subsubsection=\count180
\c@paragraph=\count181
\c@subparagraph=\count182
\c@figure=\count183
\c@table=\count184
\abovecaptionskip=\skip47
\belowcaptionskip=\skip48
\bibindent=\dimen138
)
(/usr/share/texlive/texmf-dist/tex/latex/graphics/graphicx.sty
Package: graphicx 2020/09/09 v1.2b Enhanced LaTeX Graphics (DPC,SPQR)

(/usr/share/texlive/texmf-dist/tex/latex/graphics/keyval.sty
Package: keyval 2014/10/28 v1.15 key=value parser (DPC)
\KV@toks@=\toks15
)
(/usr/share/texlive/texmf-dist/tex/latex/graphics/graphics.sty
Package: graphics 2020/08/30 v1.4c Standard LaTeX Graphics (DPC,SPQR)

(/usr/share/texlive/texmf-dist/tex/latex/graphics/trig.sty
Package: trig 2016/01/03 v1.10 sin cos tan (DPC)
)
(/usr/share/texlive/texmf-dist/tex/latex/graphics-cfg/graphics.cfg
File: graphics.cfg 2016/06/04 v1.11 sample graphics configuration
)
Package graphics Info: Driver file: pdftex.def on input line 105.

(/usr/share/texlive/texmf-dist/tex/latex/graphics-def/pdftex.def
File: pdftex.def 2020/10/05 v1.2a Graphics/color driver for pdftex
))
\Gin@req@height=\dimen139
\Gin@req@width=\dimen140
)
(/usr/share/texlive/texmf-dist/tex/latex/hyperref/hyperref.sty
Package: hyperref 2020-05-15 v7.00e Hypertext links for LaTeX

(/usr/share/texlive/texmf-dist/tex/generic/ltxcmds/ltxcmds.sty
Package: ltxcmds 2020-05-10 v1.25 LaTeX kernel commands for general use (HO)
)
(/usr/share/texlive/texmf-dist/tex/generic/iftex/iftex.sty
Package: iftex 2020/03/06 v1.0d TeX engine tests
)
(/usr/share/texlive/texmf-dist/tex/generic/pdftexcmds/pdftexcmds.sty
Package: pdftexcmds 2020-06-27 v0.33 Utility functions of pdfTeX for LuaTeX (HO
)

(/usr/share/texlive/texmf-dist/tex/generic/infwarerr/infwarerr.sty
Package: infwarerr 2019/12/03 v1.5 Providing info/warning/error messages (HO)
)
Package pdftexcmds Info: \pdf@primitive is available.
Package pdftexcmds Info: \pdf@ifprimitive is available.
Package pdftexcmds Info: \pdfdraftmode found.
)
(/usr/share/texlive/texmf-dist/tex/generic/kvsetkeys/kvsetkeys.sty
Package: kvsetkeys 2019/12/15 v1.18 Key value parser (HO)
)
(/usr/share/texlive/texmf-dist/tex/generic/kvdefinekeys/kvdefinekeys.sty
Package: kvdefinekeys 2019-12-19 v1.6 Define keys (HO)
)
(/usr/share/texlive/texmf-dist/tex/generic/pdfescape/pdfescape.sty
Package: pdfescape 2019/12/09 v1.15 Implements pdfTeX's escape features (HO)
)
(/usr/share/texlive/texmf-dist/tex/latex/hycolor/hycolor.sty
Package: hycolor 2020-01-27 v1.10 Color options for hyperref/bookmark (HO)
)
(/usr/share/texlive/texmf-dist/tex/latex/letltxmacro/letltxmacro.sty
Package: letltxmacro 2019/12/03 v1.6 Let assignment for LaTeX macros (HO)
)
(/usr/share/texlive/texmf-dist/tex/latex/auxhook/auxhook.sty
Package: auxhook 2019-12-17 v1.6 Hooks for auxiliary files (HO)
)
(/usr/share/texlive/texmf-dist/tex/latex/kvoptions/kvoptions.sty
Package: kvoptions 2020-10-07 v3.14 Key value format for package options (HO)
)
\@linkdim=\dimen141
\Hy@linkcounter=\count185
\Hy@pagecounter=\count186

(/usr/share/texlive/texmf-dist/tex/latex/hyperref/pd1enc.def
File: pd1enc.def 2020-05-15 v7.00e Hyperref: PDFDocEncoding definition (HO)
Now handling font encoding PD1 ...
... no UTF-8 mapping file for font encoding PD1
)
(/usr/share/texlive/texmf-dist/tex/generic/intcalc/intcalc.sty
Package: intcalc 2019/12/15 v1.3 Expandable calculations with integers (HO)
)
(/usr/share/texlive/texmf-dist/tex/generic/etexcmds/etexcmds.sty
Package: etexcmds 2019/12/15 v1.7 Avoid name clashes with e-TeX commands (HO)
)
\Hy@SavedSpaceFactor=\count187
Package hyperref Info: Hyper figures OFF on input line 4464.
Package hyperref Info: Link nesting OFF on input line 4469.
Package hyperref Info: Hyper index ON on input line 4472.
Package hyperref Info: Plain pages OFF on input line 4479.
Package hyperref Info: Backreferencing OFF on input line 4484.
Package hyperref Info: Implicit mode ON; LaTeX internals redefined.
Package hyperref Info: Bookmarks ON on input line 4717.
\c@Hy@tempcnt=\count188

(/usr/share/texlive/texmf-dist/tex/latex/url/url.sty
\Urlmuskip=\muskip16
Package: url 2013/09/16  ver 3.4  Verb mode for urls, etc.
)
LaTeX Info: Redefining \url on input line 5076.
\XeTeXLinkMargin=\dimen142

(/usr/share/texlive/texmf-dist/tex/generic/bitset/bitset.sty
Package: bitset 2019/12/09 v1.3 Handle bit-vector datatype (HO)

(/usr/share/texlive/texmf-dist/tex/generic/bigintcalc/bigintcalc.sty
Package: bigintcalc 2019/12/15 v1.5 Expandable calculations on big integers (HO
)
))
\Fld@menulength=\count189
\Field@Width=\dimen143
\Fld@charsize=\dimen144
Package hyperref Info: Hyper figures OFF on input line 6347.
Package hyperref Info: Link nesting OFF on input line 6352.
Package hyperref Info: Hyper index ON on input line 6355.
Package hyperref Info: backreferencing OFF on input line 6362.
Package hyperref Info: Link coloring OFF on input line 6367.
Package hyperref Info: Link coloring with OCG OFF on input line 6372.
Package hyperref Info: PDF/A mode OFF on input line 6377.
LaTeX Info: Redefining \ref on input line 6417.
LaTeX Info: Redefining \pageref on input line 6421.

(/usr/share/texlive/texmf-dist/tex/latex/base/atbegshi-ltx.sty
Package: atbegshi-ltx 2020/08/17 v1.0a Emulation of the original atbegshi packa
ge
with kernel methods
)
\Hy@abspage=\count190
\c@Item=\count191
\c@Hfootnote=\count192
)
Package hyperref Info: Driver (autodetected): hpdftex.

(/usr/share/texlive/texmf-dist/tex/latex/hyperref/hpdftex.def
File: hpdftex.def 2020-05-15 v7.00e Hyperref driver for pdfTeX

(/usr/share/texlive/texmf-dist/tex/latex/base/atveryend-ltx.sty
Package: atveryend-ltx 2020/08/19 v1.0a Emulation of the original atvery packag
e
with kernel methods
)
\Fld@listcount=\count193
\c@bookmark@seq@number=\count194

(/usr/share/texlive/texmf-dist/tex/latex/rerunfilecheck/rerunfilecheck.sty
Package: rerunfilecheck 2019/12/05 v1.9 Rerun checks for auxiliary files (HO)

(/usr/share/texlive/texmf-dist/tex/generic/uniquecounter/uniquecounter.sty
Package: uniquecounter 2019/12/15 v1.4 Provide unlimited unique counter (HO)
)
Package uniquecounter Info: New unique counter `rerunfilecheck' on input line 2
86.
)
\Hy@SectionHShift=\skip49
)
(/usr/share/texlive/texmf-dist/tex/latex/float/float.sty
Package: float 2001/11/08 v1.3d Float enhancements (AL)
\c@float@type=\count195
\float@exts=\toks16
\float@box=\box47
\@float@everytoks=\toks17
\@floatcapt=\box48
)
(/usr/share/texlive/texmf-dist/tex/latex/tools/multicol.sty
Package: multicol 2019/12/09 v1.8y multicolumn formatting (FMi)
\c@tracingmulticols=\count196
\mult@box=\box49
\multicol@leftmargin=\dimen145
\c@unbalance=\count197
\c@collectmore=\count198
\doublecol@number=\count199
\multicoltolerance=\count266
\multicolpretolerance=\count267
\full@width=\dimen146
\page@free=\dimen147
\premulticols=\dimen148
\postmulticols=\dimen149
\multicolsep=\skip50
\multicolbaselineskip=\skip51
\partial@page=\box50
\last@line=\box51
\maxbalancingoverflow=\dimen150
\mult@rightbox=\box52
\mult@grightbox=\box53
\mult@gfirstbox=\box54
\mult@firstbox=\box55
\@tempa=\box56
\@tempa=\box57
\@tempa=\box58
\@tempa=\box59
\@tempa=\box60
\@tempa=\box61
\@tempa=\box62
\@tempa=\box63
\@tempa=\box64
\@tempa=\box65
\@tempa=\box66
\@tempa=\box67
\@tempa=\box68
\@tempa=\box69
\@tempa=\box70
\@tempa=\box71
\@tempa=\box72
\@tempa=\box73
\@tempa=\box74
\@tempa=\box75
\@tempa=\box76
\@tempa=\box77
\@tempa=\box78
\@tempa=\box79
\@tempa=\box80
\@tempa=\box81
\@tempa=\box82
\@tempa=\box83
\@tempa=\box84
\@tempa=\box85
\@tempa=\box86
\@tempa=\box87
\@tempa=\box88
\@tempa=\box89
\@tempa=\box90
\@tempa=\box91
\@tempa=\box92
\c@minrows=\count268
\c@columnbadness=\count269
\c@finalcolumnbadness=\count270
\last@try=\dimen151
\multicolovershoot=\dimen152
\multicolundershoot=\dimen153
\mult@nat@firstbox=\box93
\colbreak@box=\box94
\mc@col@check@num=\count271
)
(/usr/share/texlive/texmf-dist/tex/latex/l3backend/l3backend-pdftex.def
File: l3backend-pdftex.def 2020-01-29 L3 backend support: PDF output (pdfTeX)
\l__color_backend_stack_int=\count272
\l__pdf_internal_box=\box95
)
(./practica2latex.aux)
\openout1 = `practica2latex.aux'.

LaTeX Font Info:    Checking defaults for OML/cmm/m/it on input line 12.
LaTeX Font Info:    ... okay on input line 12.
LaTeX Font Info:    Checking defaults for OMS/cmsy/m/n on input line 12.
LaTeX Font Info:    ... okay on input line 12.
LaTeX Font Info:    Checking defaults for OT1/cmr/m/n on input line 12.
LaTeX Font Info:    ... okay on input line 12.
LaTeX Font Info:    Checking defaults for T1/cmr/m/n on input line 12.
LaTeX Font Info:    ... okay on input line 12.
LaTeX Font Info:    Checking defaults for TS1/cmr/m/n on input line 12.
LaTeX Font Info:    ... okay on input line 12.
LaTeX Font Info:    Checking defaults for OMX/cmex/m/n on input line 12.
LaTeX Font Info:    ... okay on input line 12.
LaTeX Font Info:    Checking defaults for U/cmr/m/n on input line 12.
LaTeX Font Info:    ... okay on input line 12.
LaTeX Font Info:    Checking defaults for PD1/pdf/m/n on input line 12.
LaTeX Font Info:    ... okay on input line 12.

(/usr/share/texlive/texmf-dist/tex/context/base/mkii/supp-pdf.mkii
[Loading MPS to PDF converter (version 2006.09.02).]
\scratchcounter=\count273
\scratchdimen=\dimen154
\scratchbox=\box96
\nofMPsegments=\count274
\nofMParguments=\count275
\everyMPshowfont=\toks18
\MPscratchCnt=\count276
\MPscratchDim=\dimen155
\MPnumerator=\count277
\makeMPintoPDFobject=\count278
\everyMPtoPDFconversion=\toks19
) (/usr/share/texlive/texmf-dist/tex/latex/epstopdf-pkg/epstopdf-base.sty
Package: epstopdf-base 2020-01-24 v2.11 Base part for package epstopdf
Package epstopdf-base Info: Redefining graphics rule for `.eps' on input line 4
85.

(/usr/share/texlive/texmf-dist/tex/latex/latexconfig/epstopdf-sys.cfg
File: epstopdf-sys.cfg 2010/07/13 v1.3 Configuration of (r)epstopdf for TeX Liv
e
))
Package hyperref Info: Link coloring OFF on input line 12.

(/usr/share/texlive/texmf-dist/tex/latex/hyperref/nameref.sty
Package: nameref 2019/09/16 v2.46 Cross-referencing by name of section

(/usr/share/texlive/texmf-dist/tex/latex/refcount/refcount.sty
Package: refcount 2019/12/15 v3.6 Data extraction from label references (HO)
)
(/usr/share/texlive/texmf-dist/tex/generic/gettitlestring/gettitlestring.sty
Package: gettitlestring 2019/12/15 v1.6 Cleanup title references (HO)
)
\c@section@level=\count279
)
LaTeX Info: Redefining \ref on input line 12.
LaTeX Info: Redefining \pageref on input line 12.
LaTeX Info: Redefining \nameref on input line 12.

(./practica2latex.out) (./practica2latex.out)
\@outlinefile=\write3
\openout3 = `practica2latex.out'.

LaTeX Font Info:    External font `cmex10' loaded for size
(Font)              <12> on input line 14.
LaTeX Font Info:    External font `cmex10' loaded for size
(Font)              <8> on input line 14.
LaTeX Font Info:    External font `cmex10' loaded for size
(Font)              <6> on input line 14.

Underfull \hbox (badness 10000) in paragraph at lines 24--25

 []


Underfull \hbox (badness 10000) in paragraph at lines 26--27

 []


Underfull \hbox (badness 10000) in paragraph at lines 28--29

 []


Underfull \hbox (badness 10000) in paragraph at lines 30--31

 []


Underfull \hbox (badness 10000) in paragraph at lines 32--33

 []


Underfull \hbox (badness 10000) in paragraph at lines 34--35

 []


Underfull \hbox (badness 10000) in paragraph at lines 36--37

 []

[1

{/var/lib/texmf/fonts/map/pdftex/updmap/pdftex.map}]
Underfull \hbox (badness 10000) in paragraph at lines 38--39

 []


Underfull \hbox (badness 10000) in paragraph at lines 40--41

 []


Underfull \hbox (badness 10000) in paragraph at lines 42--43

 []


Underfull \hbox (badness 10000) in paragraph at lines 44--45

 []


Underfull \hbox (badness 10000) in paragraph at lines 46--47

 []

<images/partition1.png, id=95, 335.2525pt x 93.34875pt>
File: images/partition1.png Graphic file (type png)
<use images/partition1.png>
Package pdftex.def Info: images/partition1.png  used on input line 50.
(pdftex.def)             Requested size: 335.25168pt x 93.34851pt.

Underfull \hbox (badness 10000) in paragraph at lines 54--55

 []


Underfull \hbox (badness 10000) in paragraph at lines 59--60

 []

[2pdfTeX warning (ext4): destination with the same identifier (name{figure.1}) 
has been already used, duplicate ignored
<argument> ...shipout:D \box_use:N \l_shipout_box 
                                                  
l.60 				
          <./images/partition1.png>]
LaTeX Font Info:    External font `cmex10' loaded for size
(Font)              <7> on input line 61.
LaTeX Font Info:    External font `cmex10' loaded for size
(Font)              <5> on input line 61.

Underfull \hbox (badness 10000) in paragraph at lines 61--62

 []


Underfull \hbox (badness 10000) in paragraph at lines 63--64

 []


Underfull \hbox (badness 10000) in paragraph at lines 65--66

 []


Underfull \hbox (badness 10000) in paragraph at lines 67--68

 []


Underfull \hbox (badness 10000) in paragraph at lines 69--70

 []


Underfull \hbox (badness 10000) in paragraph at lines 76--77

 []


Underfull \hbox (badness 10000) in paragraph at lines 78--79

 []


Underfull \hbox (badness 10000) in paragraph at lines 80--81

 []


Underfull \hbox (badness 10000) in paragraph at lines 82--83

 []

[3]
<images/bubblestop1.png, id=107, 321.2pt x 79.29625pt>
File: images/bubblestop1.png Graphic file (type png)
<use images/bubblestop1.png>
Package pdftex.def Info: images/bubblestop1.png  used on input line 88.
(pdftex.def)             Requested size: 321.19922pt x 79.29604pt.
<images/bubblestop2.png, id=108, 324.21124pt x 51.19125pt>
File: images/bubblestop2.png Graphic file (type png)
<use images/bubblestop2.png>
Package pdftex.def Info: images/bubblestop2.png  used on input line 94.
(pdftex.def)             Requested size: 324.21045pt x 51.19112pt.
<images/e2.png, id=109, 343.2825pt x 64.24pt>
File: images/e2.png Graphic file (type png)
<use images/e2.png>
Package pdftex.def Info: images/e2.png  used on input line 106.
(pdftex.def)             Requested size: 343.28165pt x 64.23984pt.
 [4pdfTeX warning (ext4): destination with the same identifier (name{figure.2})
 has been already used, duplicate ignored
<argument> ...shipout:D \box_use:N \l_shipout_box 
                                                  
l.115 		
        pdfTeX warning (ext4): destination with the same identifier (name{figur
e.3}) has been already used, duplicate ignored
<argument> ...shipout:D \box_use:N \l_shipout_box 
                                                  
l.115 		
        pdfTeX warning (ext4): destination with the same identifier (name{figur
e.4}) has been already used, duplicate ignored
<argument> ...shipout:D \box_use:N \l_shipout_box 
                                                  
l.115 		
         <./images/bubblestop1.png> <./images/bubblestop2.png> <./images/e2.png
>]
<images/e3menu.png, id=117, 434.62375pt x 402.50375pt>
File: images/e3menu.png Graphic file (type png)
<use images/e3menu.png>
Package pdftex.def Info: images/e3menu.png  used on input line 126.
(pdftex.def)             Requested size: 347.69946pt x 322.00343pt.

Overfull \hbox (2.69946pt too wide) in paragraph at lines 126--127
 [][] 
 []


Underfull \hbox (badness 10000) in paragraph at lines 132--133

 []

[5pdfTeX warning (ext4): destination with the same identifier (name{figure.5}) 
has been already used, duplicate ignored
<argument> ...shipout:D \box_use:N \l_shipout_box 
                                                  
l.133 		
         <./images/e3menu.png>]
<images/e3q1.png, id=124, 572.1375pt x 397.485pt>
File: images/e3q1.png Graphic file (type png)
<use images/e3q1.png>
Package pdftex.def Info: images/e3q1.png  used on input line 138.
(pdftex.def)             Requested size: 457.71062pt x 317.98842pt.

Overfull \hbox (112.71062pt too wide) in paragraph at lines 138--139
 [][] 
 []

<images/e3q2.png, id=125, 590.205pt x 474.77374pt>
File: images/e3q2.png Graphic file (type png)
<use images/e3q2.png>
Package pdftex.def Info: images/e3q2.png  used on input line 144.
(pdftex.def)             Requested size: 413.14067pt x 332.33936pt.

Overfull \hbox (68.14067pt too wide) in paragraph at lines 144--145
 [][] 
 []

[6pdfTeX warning (ext4): destination with the same identifier (name{figure.6}) 
has been already used, duplicate ignored
<argument> ...shipout:D \box_use:N \l_shipout_box 
                                                  
l.147 	\newpage
                <./images/e3q1.png>] [7pdfTeX warning (ext4): destination with 
the same identifier (name{figure.7}) has been already used, duplicate ignored
<argument> ...shipout:D \box_use:N \l_shipout_box 
                                                  
l.147 	\newpage
                <./images/e3q2.png>]
Underfull \hbox (badness 10000) in paragraph at lines 151--152

 []

<images/e3b1.png, id=137, 563.10374pt x 458.71375pt>
File: images/e3b1.png Graphic file (type png)
<use images/e3b1.png>
Package pdftex.def Info: images/e3b1.png  used on input line 157.
(pdftex.def)             Requested size: 422.32677pt x 344.03447pt.

Overfull \hbox (77.32677pt too wide) in paragraph at lines 157--158
 [][] 
 []

<images/e3b2.png, id=138, 414.54875pt x 439.6425pt>
File: images/e3b2.png Graphic file (type png)
<use images/e3b2.png>
Package pdftex.def Info: images/e3b2.png  used on input line 163.
(pdftex.def)             Requested size: 414.54773pt x 439.64142pt.

Overfull \hbox (69.54773pt too wide) in paragraph at lines 163--164
 [][] 
 []

[8pdfTeX warning (ext4): destination with the same identifier (name{figure.8}) 
has been already used, duplicate ignored
<argument> ...shipout:D \box_use:N \l_shipout_box 
                                                  
l.166 	
        <./images/e3b1.png>]
<images/e3b3.png, id=144, 411.5375pt x 455.7025pt>
File: images/e3b3.png Graphic file (type png)
<use images/e3b3.png>
Package pdftex.def Info: images/e3b3.png  used on input line 169.
(pdftex.def)             Requested size: 411.5365pt x 455.70137pt.

Overfull \hbox (66.5365pt too wide) in paragraph at lines 169--170
 [][] 
 []

[9pdfTeX warning (ext4): destination with the same identifier (name{figure.9}) 
has been already used, duplicate ignored
<argument> ...shipout:D \box_use:N \l_shipout_box 
                                                  
l.172 	
        <./images/e3b2.png>]
<images/e3b4.png, id=150, 550.055pt x 448.67625pt>
File: images/e3b4.png Graphic file (type png)
<use images/e3b4.png>
Package pdftex.def Info: images/e3b4.png  used on input line 175.
(pdftex.def)             Requested size: 440.04459pt x 358.94148pt.

Overfull \hbox (95.04459pt too wide) in paragraph at lines 175--176
 [][] 
 []

[10pdfTeX warning (ext4): destination with the same identifier (name{figure.10}
) has been already used, duplicate ignored
<argument> ...shipout:D \box_use:N \l_shipout_box 
                                                  
l.178 	\newpage
                <./images/e3b3.png>] [11pdfTeX warning (ext4): destination with
 the same identifier (name{figure.11}) has been already used, duplicate ignored

<argument> ...shipout:D \box_use:N \l_shipout_box 
                                                  
l.178 	\newpage
                <./images/e3b4.png>]
Underfull \hbox (badness 10000) in paragraph at lines 182--183

 []


Overfull \hbox (2.50043pt too wide) in paragraph at lines 184--185
[]\OT1/cmr/m/n/10 Una de las cosas que se me ocur-rio fue rep-re-sen-tar los ni
ve-les que va generando
 []


Underfull \hbox (badness 10000) in paragraph at lines 184--185

 []

<images/e3m1.png, id=161, 683.55376pt x 501.875pt>
File: images/e3m1.png Graphic file (type png)
<use images/e3m1.png>
Package pdftex.def Info: images/e3m1.png  used on input line 190.
(pdftex.def)             Requested size: 410.13542pt x 301.12732pt.

Overfull \hbox (65.13542pt too wide) in paragraph at lines 190--191
 [][] 
 []

<images/e3m2.png, id=162, 627.34375pt x 484.81125pt>
File: images/e3m2.png Graphic file (type png)
<use images/e3m2.png>
Package pdftex.def Info: images/e3m2.png  used on input line 196.
(pdftex.def)             Requested size: 439.13762pt x 339.36555pt.

Overfull \hbox (94.13762pt too wide) in paragraph at lines 196--197
 [][] 
 []

[12pdfTeX warning (ext4): destination with the same identifier (name{figure.12}
) has been already used, duplicate ignored
<argument> ...shipout:D \box_use:N \l_shipout_box 
                                                  
l.199 	
        <./images/e3m1.png>]
<images/e3m3.png, id=169, 632.3625pt x 495.8525pt>
File: images/e3m3.png Graphic file (type png)
<use images/e3m3.png>
Package pdftex.def Info: images/e3m3.png  used on input line 202.
(pdftex.def)             Requested size: 442.65074pt x 347.09438pt.

Overfull \hbox (97.65074pt too wide) in paragraph at lines 202--203
 [][] 
 []

[13pdfTeX warning (ext4): destination with the same identifier (name{figure.13}
) has been already used, duplicate ignored
<argument> ...shipout:D \box_use:N \l_shipout_box 
                                                  
l.205 	
        <./images/e3m2.png>]
<images/e3m4.png, id=176, 661.47125pt x 354.32375pt>
File: images/e3m4.png Graphic file (type png)
<use images/e3m4.png>
Package pdftex.def Info: images/e3m4.png  used on input line 208.
(pdftex.def)             Requested size: 463.02672pt x 248.02492pt.

Overfull \hbox (118.02672pt too wide) in paragraph at lines 208--209
 [][] 
 []

[14pdfTeX warning (ext4): destination with the same identifier (name{figure.14}
) has been already used, duplicate ignored
<argument> ...shipout:D \box_use:N \l_shipout_box 
                                                  
l.211 	\newpage
                <./images/e3m3.png>] [15pdfTeX warning (ext4): destination with
 the same identifier (name{figure.15}) has been already used, duplicate ignored

<argument> ...shipout:D \box_use:N \l_shipout_box 
                                                  
l.211 	\newpage
                <./images/e3m4.png>]
Underfull \hbox (badness 10000) in paragraph at lines 215--216

 []


Underfull \hbox (badness 10000) in paragraph at lines 217--218

 []


Underfull \hbox (badness 10000) in paragraph at lines 219--220

 []


Underfull \hbox (badness 10000) in paragraph at lines 221--222

 []


Underfull \hbox (badness 10000) in paragraph at lines 225--226

 []


Underfull \hbox (badness 10000) in paragraph at lines 227--228

 []


Underfull \hbox (badness 10000) in paragraph at lines 229--230

 []

<images/e4t.png, id=187, 502.87875pt x 244.915pt>
File: images/e4t.png Graphic file (type png)
<use images/e4t.png>
Package pdftex.def Info: images/e4t.png  used on input line 235.
(pdftex.def)             Requested size: 352.01273pt x 171.43932pt.

Overfull \hbox (7.01273pt too wide) in paragraph at lines 235--236
 [][] 
 []

[16] [17pdfTeX warning (ext4): destination with the same identifier (name{figur
e.16}) has been already used, duplicate ignored
<argument> ...shipout:D \box_use:N \l_shipout_box 
                                                  
l.238 	\newpage
                <./images/e4t.png>]
<images/e4gqs.png, id=197, 582.175pt x 338.26375pt>
File: images/e4gqs.png Graphic file (type png)
<use images/e4gqs.png>
Package pdftex.def Info: images/e4gqs.png  used on input line 248.
(pdftex.def)             Requested size: 436.63019pt x 253.69717pt.

Overfull \hbox (91.63019pt too wide) in paragraph at lines 248--249
 [][] 
 []

[18pdfTeX warning (ext4): destination with the same identifier (name{figure.17}
) has been already used, duplicate ignored
<argument> ...shipout:D \box_use:N \l_shipout_box 
                                                  
l.251 	\newpage
                <./images/e4gqs.png>]
Underfull \hbox (badness 10000) in paragraph at lines 255--256

 []


Underfull \hbox (badness 10000) in paragraph at lines 257--258

 []

<images/e4gbs.png, id=203, 578.16pt x 336.25626pt>
File: images/e4gbs.png Graphic file (type png)
<use images/e4gbs.png>
Package pdftex.def Info: images/e4gbs.png  used on input line 261.
(pdftex.def)             Requested size: 375.79955pt x 218.56396pt.

Overfull \hbox (30.79955pt too wide) in paragraph at lines 261--262
 [][] 
 []


Underfull \hbox (badness 10000) in paragraph at lines 267--268

 []

[19pdfTeX warning (ext4): destination with the same identifier (name{figure.18}
) has been already used, duplicate ignored
<argument> ...shipout:D \box_use:N \l_shipout_box 
                                                  
l.269 		E
         sta es basicamente la razon por la que su grafica se ve casi lineal...
 <./images/e4gbs.png>]
<images/e4gms.png, id=211, 583.17876pt x 340.27126pt>
File: images/e4gms.png Graphic file (type png)
<use images/e4gms.png>
Package pdftex.def Info: images/e4gms.png  used on input line 273.
(pdftex.def)             Requested size: 408.22235pt x 238.18825pt.

Overfull \hbox (63.22235pt too wide) in paragraph at lines 273--274
 [][] 
 []

[20pdfTeX warning (ext4): destination with the same identifier (name{figure.19}
) has been already used, duplicate ignored
<argument> ...shipout:D \box_use:N \l_shipout_box 
                                                  
l.276 		\newpage
                 <./images/e4gms.png>]
<images/e41.png, id=217, 320.19624pt x 460.72125pt>
File: images/e41.png Graphic file (type png)
<use images/e41.png>
Package pdftex.def Info: images/e41.png  used on input line 284.
(pdftex.def)             Requested size: 320.19545pt x 460.72012pt.
<images/e42.png, id=218, 322.20375pt x 446.66875pt>
File: images/e42.png Graphic file (type png)
<use images/e42.png>
Package pdftex.def Info: images/e42.png  used on input line 290.
(pdftex.def)             Requested size: 322.20296pt x 446.66765pt.
 [21pdfTeX warning (ext4): destination with the same identifier (name{figure.20
}) has been already used, duplicate ignored
<argument> ...shipout:D \box_use:N \l_shipout_box 
                                                  
l.293 	
        <./images/e41.png>]
<images/e43.png, id=224, 327.2225pt x 458.71375pt>
File: images/e43.png Graphic file (type png)
<use images/e43.png>
Package pdftex.def Info: images/e43.png  used on input line 296.
(pdftex.def)             Requested size: 327.2217pt x 458.71263pt.
 [22pdfTeX warning (ext4): destination with the same identifier (name{figure.21
}) has been already used, duplicate ignored
<argument> ...shipout:D \box_use:N \l_shipout_box 
                                                  
l.299 	
        <./images/e42.png>]
<images/e44.png, id=230, 288.07625pt x 452.69125pt>
File: images/e44.png Graphic file (type png)
<use images/e44.png>
Package pdftex.def Info: images/e44.png  used on input line 302.
(pdftex.def)             Requested size: 288.07553pt x 452.69014pt.
 [23pdfTeX warning (ext4): destination with the same identifier (name{figure.22
}) has been already used, duplicate ignored
<argument> ...shipout:D \box_use:N \l_shipout_box 
                                                  
l.305 	
        <./images/e43.png>]
<images/e45.png, id=236, 286.06876pt x 451.6875pt>
File: images/e45.png Graphic file (type png)
<use images/e45.png>
Package pdftex.def Info: images/e45.png  used on input line 308.
(pdftex.def)             Requested size: 286.06805pt x 451.68639pt.
 [24pdfTeX warning (ext4): destination with the same identifier (name{figure.23
}) has been already used, duplicate ignored
<argument> ...shipout:D \box_use:N \l_shipout_box 
                                                  
l.311 	
        <./images/e44.png>]
<images/e46.png, id=242, 285.065pt x 448.67625pt>
File: images/e46.png Graphic file (type png)
<use images/e46.png>
Package pdftex.def Info: images/e46.png  used on input line 314.
(pdftex.def)             Requested size: 285.0643pt x 448.67516pt.
 [25pdfTeX warning (ext4): destination with the same identifier (name{figure.24
}) has been already used, duplicate ignored
<argument> ...shipout:D \box_use:N \l_shipout_box 
                                                  
l.317 	
        <./images/e45.png>]
<images/e48.png, id=249, 262.9825pt x 455.7025pt>
File: images/e48.png Graphic file (type png)
<use images/e48.png>
Package pdftex.def Info: images/e48.png  used on input line 320.
(pdftex.def)             Requested size: 262.98184pt x 455.70137pt.
 [26pdfTeX warning (ext4): destination with the same identifier (name{figure.25
}) has been already used, duplicate ignored
<argument> ...shipout:D \box_use:N \l_shipout_box 
                                                  
l.323 	
        <./images/e46.png>]
<images/e49.png, id=255, 272.01625pt x 456.70625pt>
File: images/e49.png Graphic file (type png)
<use images/e49.png>
Package pdftex.def Info: images/e49.png  used on input line 326.
(pdftex.def)             Requested size: 272.01558pt x 456.70512pt.
 [27pdfTeX warning (ext4): destination with the same identifier (name{figure.26
}) has been already used, duplicate ignored
<argument> ...shipout:D \box_use:N \l_shipout_box 
                                                  
l.329 		
         <./images/e48.png>]
<images/e410.png, id=261, 284.06125pt x 479.7925pt>
File: images/e410.png Graphic file (type png)
<use images/e410.png>
Package pdftex.def Info: images/e410.png  used on input line 332.
(pdftex.def)             Requested size: 284.06053pt x 479.7913pt.
 [28pdfTeX warning (ext4): destination with the same identifier (name{figure.27
}) has been already used, duplicate ignored
<argument> ...shipout:D \box_use:N \l_shipout_box 
                                                  
l.335 	
        <./images/e49.png>]
Underfull \hbox (badness 10000) in paragraph at lines 338--339

 []

[29pdfTeX warning (ext4): destination with the same identifier (name{figure.28}
) has been already used, duplicate ignored
<argument> ...shipout:D \box_use:N \l_shipout_box 
                                                  
l.339 		
         <./images/e410.png>]
Underfull \hbox (badness 10000) in paragraph at lines 340--341

 []


Underfull \hbox (badness 10000) in paragraph at lines 342--343

 []


Underfull \hbox (badness 10000) in paragraph at lines 344--345

 []


Underfull \hbox (badness 10000) in paragraph at lines 346--347

 []


Overfull \hbox (5.2216pt too wide) in paragraph at lines 348--349
\OT1/cmr/m/n/10 la de-scrip-cion [][]\OT1/cmtt/m/n/10 public []\OT1/cmr/m/n/10 
de la clase y fun-ciones den-tro del archivo [][]\OT1/cmtt/m/n/10 Utilidades.ja
va[]\OT1/cmr/m/n/10 ,
 []


Underfull \hbox (badness 10000) in paragraph at lines 348--349

 []


Underfull \hbox (badness 10000) in paragraph at lines 350--351

 []


Underfull \hbox (badness 10000) in paragraph at lines 352--353

 []


Underfull \hbox (badness 10000) in paragraph at lines 354--355

 []


Underfull \hbox (badness 10000) in paragraph at lines 356--357

 []


Underfull \hbox (badness 10000) in paragraph at lines 358--359

 []

[30]
<images/e51.png, id=277, 604.2575pt x 316.18124pt>
File: images/e51.png Graphic file (type png)
<use images/e51.png>
Package pdftex.def Info: images/e51.png  used on input line 364.
(pdftex.def)             Requested size: 422.97737pt x 221.32535pt.

Overfull \hbox (77.97737pt too wide) in paragraph at lines 364--365
 [][] 
 []

<images/e52.png, id=278, 553.06625pt x 330.23375pt>
File: images/e52.png Graphic file (type png)
<use images/e52.png>
Package pdftex.def Info: images/e52.png  used on input line 370.
(pdftex.def)             Requested size: 442.4536pt x 264.18735pt.

Overfull \hbox (97.4536pt too wide) in paragraph at lines 370--371
 [][] 
 []

[31pdfTeX warning (ext4): destination with the same identifier (name{figure.29}
) has been already used, duplicate ignored
<argument> ...shipout:D \box_use:N \l_shipout_box 
                                                  
l.373 	
        <./images/e51.png>]
<images/e53.png, id=285, 541.02126pt x 490.83376pt>
File: images/e53.png Graphic file (type png)
<use images/e53.png>
Package pdftex.def Info: images/e53.png  used on input line 376.
(pdftex.def)             Requested size: 432.81758pt x 392.66753pt.

Overfull \hbox (87.81758pt too wide) in paragraph at lines 376--377
 [][] 
 []

[32pdfTeX warning (ext4): destination with the same identifier (name{figure.30}
) has been already used, duplicate ignored
<argument> ...shipout:D \box_use:N \l_shipout_box 
                                                  
l.379 
       <./images/e52.png>]
<images/e54.png, id=291, 692.5875pt x 448.67625pt>
File: images/e54.png Graphic file (type png)
<use images/e54.png>
Package pdftex.def Info: images/e54.png  used on input line 382.
(pdftex.def)             Requested size: 450.17653pt x 291.63611pt.

Overfull \hbox (105.17653pt too wide) in paragraph at lines 382--383
 [][] 
 []

[33pdfTeX warning (ext4): destination with the same identifier (name{figure.31}
) has been already used, duplicate ignored
<argument> ...shipout:D \box_use:N \l_shipout_box 
                                                  
l.385 	\newpage
               		 <./images/e53.png>] [34pdfTeX warning (ext4): destination wit
h the same identifier (name{figure.32}) has been already used, duplicate ignore
d
<argument> ...shipout:D \box_use:N \l_shipout_box 
                                                  
l.385 	\newpage
               		 <./images/e54.png>]
Underfull \hbox (badness 10000) in paragraph at lines 389--390

 []


Underfull \hbox (badness 10000) in paragraph at lines 391--392

 []


Underfull \hbox (badness 10000) in paragraph at lines 393--394

 []


Underfull \hbox (badness 10000) in paragraph at lines 395--396

 []


Underfull \hbox (badness 10000) in paragraph at lines 397--398

 []


Underfull \hbox (badness 10000) in paragraph at lines 399--400

 []


Underfull \hbox (badness 10000) in paragraph at lines 401--402

 []

[35]
Underfull \hbox (badness 10000) in paragraph at lines 403--404

 []

[36] (./practica2latex.aux)
Package rerunfilecheck Info: File `practica2latex.out' has not changed.
(rerunfilecheck)             Checksum: 7038952673777C6DE8BED7921649FD07;1285.
 ) 
Here is how much of TeX's memory you used:
 5653 strings out of 479304
 87973 string characters out of 5869779
 394149 words of memory out of 5000000
 22645 multiletter control sequences out of 15000+600000
 408534 words of font info for 44 fonts, out of 8000000 for 9000
 1141 hyphenation exceptions out of 8191
 71i,6n,74p,868b,317s stack positions out of 5000i,500n,10000p,200000b,80000s
{/usr/share/texmf/fonts/enc/dvips/cm-super/cm-super-ts1.enc}</usr/share/texli
ve/texmf-dist/fonts/type1/public/amsfonts/cm/cmbx10.pfb></usr/share/texlive/tex
mf-dist/fonts/type1/public/amsfonts/cm/cmbx12.pfb></usr/share/texlive/texmf-dis
t/fonts/type1/public/amsfonts/cm/cmmi10.pfb></usr/share/texlive/texmf-dist/font
s/type1/public/amsfonts/cm/cmr10.pfb></usr/share/texlive/texmf-dist/fonts/type1
/public/amsfonts/cm/cmr12.pfb></usr/share/texlive/texmf-dist/fonts/type1/public
/amsfonts/cm/cmr17.pfb></usr/share/texlive/texmf-dist/fonts/type1/public/amsfon
ts/cm/cmr7.pfb></usr/share/texlive/texmf-dist/fonts/type1/public/amsfonts/cm/cm
sy10.pfb></usr/share/texlive/texmf-dist/fonts/type1/public/amsfonts/cm/cmti10.p
fb></usr/share/texlive/texmf-dist/fonts/type1/public/amsfonts/cm/cmtt10.pfb></u
sr/share/texmf/fonts/type1/public/cm-super/sfrm1000.pfb>
Output written on practica2latex.pdf (36 pages, 1018978 bytes).
PDF statistics:
 369 PDF objects out of 1000 (max. 8388607)
 285 compressed objects within 3 object streams
 89 named destinations out of 1000 (max. 500000)
 321 words of extra memory for PDF output out of 10000 (max. 10000000)

