This is pdfTeX, Version 3.14159265-2.6-1.40.21 (TeX Live 2020/Debian) (preloaded format=pdflatex 2021.9.12)  3 NOV 2021 23:53
entering extended mode
 restricted \write18 enabled.
 %&-line parsing enabled.
**p6y7.tex
(./p6y7.tex
LaTeX2e <2020-10-01> patch level 4
L3 programming layer <2021-01-09> xparse <2020-03-03>
(/usr/share/texlive/texmf-dist/tex/latex/base/article.cls
Document Class: article 2020/04/10 v1.4m Standard LaTeX document class
(/usr/share/texlive/texmf-dist/tex/latex/base/size10.clo
File: size10.clo 2020/04/10 v1.4m Standard LaTeX file (size option)
)
\c@part=\count177
\c@section=\count178
\c@subsection=\count179
\c@subsubsection=\count180
\c@paragraph=\count181
\c@subparagraph=\count182
\c@figure=\count183
\c@table=\count184
\abovecaptionskip=\skip47
\belowcaptionskip=\skip48
\bibindent=\dimen138
)
(/usr/share/texlive/texmf-dist/tex/latex/graphics/graphicx.sty
Package: graphicx 2020/09/09 v1.2b Enhanced LaTeX Graphics (DPC,SPQR)

(/usr/share/texlive/texmf-dist/tex/latex/graphics/keyval.sty
Package: keyval 2014/10/28 v1.15 key=value parser (DPC)
\KV@toks@=\toks15
)
(/usr/share/texlive/texmf-dist/tex/latex/graphics/graphics.sty
Package: graphics 2020/08/30 v1.4c Standard LaTeX Graphics (DPC,SPQR)

(/usr/share/texlive/texmf-dist/tex/latex/graphics/trig.sty
Package: trig 2016/01/03 v1.10 sin cos tan (DPC)
)
(/usr/share/texlive/texmf-dist/tex/latex/graphics-cfg/graphics.cfg
File: graphics.cfg 2016/06/04 v1.11 sample graphics configuration
)
Package graphics Info: Driver file: pdftex.def on input line 105.

(/usr/share/texlive/texmf-dist/tex/latex/graphics-def/pdftex.def
File: pdftex.def 2020/10/05 v1.2a Graphics/color driver for pdftex
))
\Gin@req@height=\dimen139
\Gin@req@width=\dimen140
)
(/usr/share/texlive/texmf-dist/tex/latex/hyperref/hyperref.sty
Package: hyperref 2020-05-15 v7.00e Hypertext links for LaTeX

(/usr/share/texlive/texmf-dist/tex/generic/ltxcmds/ltxcmds.sty
Package: ltxcmds 2020-05-10 v1.25 LaTeX kernel commands for general use (HO)
)
(/usr/share/texlive/texmf-dist/tex/generic/iftex/iftex.sty
Package: iftex 2020/03/06 v1.0d TeX engine tests
)
(/usr/share/texlive/texmf-dist/tex/generic/pdftexcmds/pdftexcmds.sty
Package: pdftexcmds 2020-06-27 v0.33 Utility functions of pdfTeX for LuaTeX (HO
)

(/usr/share/texlive/texmf-dist/tex/generic/infwarerr/infwarerr.sty
Package: infwarerr 2019/12/03 v1.5 Providing info/warning/error messages (HO)
)
Package pdftexcmds Info: \pdf@primitive is available.
Package pdftexcmds Info: \pdf@ifprimitive is available.
Package pdftexcmds Info: \pdfdraftmode found.
)
(/usr/share/texlive/texmf-dist/tex/generic/kvsetkeys/kvsetkeys.sty
Package: kvsetkeys 2019/12/15 v1.18 Key value parser (HO)
)
(/usr/share/texlive/texmf-dist/tex/generic/kvdefinekeys/kvdefinekeys.sty
Package: kvdefinekeys 2019-12-19 v1.6 Define keys (HO)
)
(/usr/share/texlive/texmf-dist/tex/generic/pdfescape/pdfescape.sty
Package: pdfescape 2019/12/09 v1.15 Implements pdfTeX's escape features (HO)
)
(/usr/share/texlive/texmf-dist/tex/latex/hycolor/hycolor.sty
Package: hycolor 2020-01-27 v1.10 Color options for hyperref/bookmark (HO)
)
(/usr/share/texlive/texmf-dist/tex/latex/letltxmacro/letltxmacro.sty
Package: letltxmacro 2019/12/03 v1.6 Let assignment for LaTeX macros (HO)
)
(/usr/share/texlive/texmf-dist/tex/latex/auxhook/auxhook.sty
Package: auxhook 2019-12-17 v1.6 Hooks for auxiliary files (HO)
)
(/usr/share/texlive/texmf-dist/tex/latex/kvoptions/kvoptions.sty
Package: kvoptions 2020-10-07 v3.14 Key value format for package options (HO)
)
\@linkdim=\dimen141
\Hy@linkcounter=\count185
\Hy@pagecounter=\count186

(/usr/share/texlive/texmf-dist/tex/latex/hyperref/pd1enc.def
File: pd1enc.def 2020-05-15 v7.00e Hyperref: PDFDocEncoding definition (HO)
Now handling font encoding PD1 ...
... no UTF-8 mapping file for font encoding PD1
)
(/usr/share/texlive/texmf-dist/tex/generic/intcalc/intcalc.sty
Package: intcalc 2019/12/15 v1.3 Expandable calculations with integers (HO)
)
(/usr/share/texlive/texmf-dist/tex/generic/etexcmds/etexcmds.sty
Package: etexcmds 2019/12/15 v1.7 Avoid name clashes with e-TeX commands (HO)
)
\Hy@SavedSpaceFactor=\count187
Package hyperref Info: Hyper figures OFF on input line 4464.
Package hyperref Info: Link nesting OFF on input line 4469.
Package hyperref Info: Hyper index ON on input line 4472.
Package hyperref Info: Plain pages OFF on input line 4479.
Package hyperref Info: Backreferencing OFF on input line 4484.
Package hyperref Info: Implicit mode ON; LaTeX internals redefined.
Package hyperref Info: Bookmarks ON on input line 4717.
\c@Hy@tempcnt=\count188

(/usr/share/texlive/texmf-dist/tex/latex/url/url.sty
\Urlmuskip=\muskip16
Package: url 2013/09/16  ver 3.4  Verb mode for urls, etc.
)
LaTeX Info: Redefining \url on input line 5076.
\XeTeXLinkMargin=\dimen142

(/usr/share/texlive/texmf-dist/tex/generic/bitset/bitset.sty
Package: bitset 2019/12/09 v1.3 Handle bit-vector datatype (HO)

(/usr/share/texlive/texmf-dist/tex/generic/bigintcalc/bigintcalc.sty
Package: bigintcalc 2019/12/15 v1.5 Expandable calculations on big integers (HO
)
))
\Fld@menulength=\count189
\Field@Width=\dimen143
\Fld@charsize=\dimen144
Package hyperref Info: Hyper figures OFF on input line 6347.
Package hyperref Info: Link nesting OFF on input line 6352.
Package hyperref Info: Hyper index ON on input line 6355.
Package hyperref Info: backreferencing OFF on input line 6362.
Package hyperref Info: Link coloring OFF on input line 6367.
Package hyperref Info: Link coloring with OCG OFF on input line 6372.
Package hyperref Info: PDF/A mode OFF on input line 6377.
LaTeX Info: Redefining \ref on input line 6417.
LaTeX Info: Redefining \pageref on input line 6421.

(/usr/share/texlive/texmf-dist/tex/latex/base/atbegshi-ltx.sty
Package: atbegshi-ltx 2020/08/17 v1.0a Emulation of the original atbegshi packa
ge
with kernel methods
)
\Hy@abspage=\count190
\c@Item=\count191
\c@Hfootnote=\count192
)
Package hyperref Info: Driver (autodetected): hpdftex.

(/usr/share/texlive/texmf-dist/tex/latex/hyperref/hpdftex.def
File: hpdftex.def 2020-05-15 v7.00e Hyperref driver for pdfTeX

(/usr/share/texlive/texmf-dist/tex/latex/base/atveryend-ltx.sty
Package: atveryend-ltx 2020/08/19 v1.0a Emulation of the original atvery packag
e
with kernel methods
)
\Fld@listcount=\count193
\c@bookmark@seq@number=\count194

(/usr/share/texlive/texmf-dist/tex/latex/rerunfilecheck/rerunfilecheck.sty
Package: rerunfilecheck 2019/12/05 v1.9 Rerun checks for auxiliary files (HO)

(/usr/share/texlive/texmf-dist/tex/generic/uniquecounter/uniquecounter.sty
Package: uniquecounter 2019/12/15 v1.4 Provide unlimited unique counter (HO)
)
Package uniquecounter Info: New unique counter `rerunfilecheck' on input line 2
86.
)
\Hy@SectionHShift=\skip49
)
(/usr/share/texlive/texmf-dist/tex/latex/float/float.sty
Package: float 2001/11/08 v1.3d Float enhancements (AL)
\c@float@type=\count195
\float@exts=\toks16
\float@box=\box47
\@float@everytoks=\toks17
\@floatcapt=\box48
)
(/usr/share/texlive/texmf-dist/tex/latex/caption/caption.sty
Package: caption 2020/10/26 v3.5g Customizing captions (AR)

(/usr/share/texlive/texmf-dist/tex/latex/caption/caption3.sty
Package: caption3 2020/10/21 v2.2e caption3 kernel (AR)
\captionmargin=\dimen145
\captionmargin@=\dimen146
\captionwidth=\dimen147
\caption@tempdima=\dimen148
\caption@indent=\dimen149
\caption@parindent=\dimen150
\caption@hangindent=\dimen151
Package caption Info: Standard document class detected.
)
\c@caption@flags=\count196
\c@continuedfloat=\count197
Package caption Info: float package is loaded.
Package caption Info: hyperref package is loaded.
)
(/usr/share/texlive/texmf-dist/tex/latex/pdfpages/pdfpages.sty
Package: pdfpages 2021/01/09 v0.5r Insert pages of external PDF documents (AM)

(/usr/share/texlive/texmf-dist/tex/latex/base/ifthen.sty
Package: ifthen 2014/09/29 v1.1c Standard LaTeX ifthen package (DPC)
)
(/usr/share/texlive/texmf-dist/tex/latex/tools/calc.sty
Package: calc 2017/05/25 v4.3 Infix arithmetic (KKT,FJ)
\calc@Acount=\count198
\calc@Bcount=\count199
\calc@Adimen=\dimen152
\calc@Bdimen=\dimen153
\calc@Askip=\skip50
\calc@Bskip=\skip51
LaTeX Info: Redefining \setlength on input line 80.
LaTeX Info: Redefining \addtolength on input line 81.
\calc@Ccount=\count266
\calc@Cskip=\skip52
)
(/usr/share/texlive/texmf-dist/tex/latex/eso-pic/eso-pic.sty
Package: eso-pic 2020/10/14 v3.0a eso-pic (RN)
\ESO@tempdima=\dimen154
\ESO@tempdimb=\dimen155

(/usr/share/texlive/texmf-dist/tex/latex/xcolor/xcolor.sty
Package: xcolor 2016/05/11 v2.12 LaTeX color extensions (UK)

(/usr/share/texlive/texmf-dist/tex/latex/graphics-cfg/color.cfg
File: color.cfg 2016/01/02 v1.6 sample color configuration
)
Package xcolor Info: Driver file: pdftex.def on input line 225.
Package xcolor Info: Model `cmy' substituted by `cmy0' on input line 1348.
Package xcolor Info: Model `hsb' substituted by `rgb' on input line 1352.
Package xcolor Info: Model `RGB' extended on input line 1364.
Package xcolor Info: Model `HTML' substituted by `rgb' on input line 1366.
Package xcolor Info: Model `Hsb' substituted by `hsb' on input line 1367.
Package xcolor Info: Model `tHsb' substituted by `hsb' on input line 1368.
Package xcolor Info: Model `HSB' substituted by `hsb' on input line 1369.
Package xcolor Info: Model `Gray' substituted by `gray' on input line 1370.
Package xcolor Info: Model `wave' substituted by `hsb' on input line 1371.
))
\AM@pagewidth=\dimen156
\AM@pageheight=\dimen157

(/usr/share/texlive/texmf-dist/tex/latex/pdfpages/pppdftex.def
File: pppdftex.def 2021/01/09 v0.5r Pdfpages driver for pdfTeX (AM)
)
\pdfpages@includegraphics@status=\count267
\AM@pagebox=\box49
\AM@global@opts=\toks18
\AM@pagecnt=\count268
\AM@toc@title=\toks19
\c@AM@survey=\count269
\AM@templatesizebox=\box50
)
(/usr/share/texlive/texmf-dist/tex/latex/l3backend/l3backend-pdftex.def
File: l3backend-pdftex.def 2020-01-29 L3 backend support: PDF output (pdfTeX)
\l__color_backend_stack_int=\count270
\l__pdf_internal_box=\box51
)
(./p6y7.aux)
\openout1 = `p6y7.aux'.

LaTeX Font Info:    Checking defaults for OML/cmm/m/it on input line 19.
LaTeX Font Info:    ... okay on input line 19.
LaTeX Font Info:    Checking defaults for OMS/cmsy/m/n on input line 19.
LaTeX Font Info:    ... okay on input line 19.
LaTeX Font Info:    Checking defaults for OT1/cmr/m/n on input line 19.
LaTeX Font Info:    ... okay on input line 19.
LaTeX Font Info:    Checking defaults for T1/cmr/m/n on input line 19.
LaTeX Font Info:    ... okay on input line 19.
LaTeX Font Info:    Checking defaults for TS1/cmr/m/n on input line 19.
LaTeX Font Info:    ... okay on input line 19.
LaTeX Font Info:    Checking defaults for OMX/cmex/m/n on input line 19.
LaTeX Font Info:    ... okay on input line 19.
LaTeX Font Info:    Checking defaults for U/cmr/m/n on input line 19.
LaTeX Font Info:    ... okay on input line 19.
LaTeX Font Info:    Checking defaults for PD1/pdf/m/n on input line 19.
LaTeX Font Info:    ... okay on input line 19.
 (/usr/share/texlive/texmf-dist/tex/context/base/mkii/supp-pdf.mkii
[Loading MPS to PDF converter (version 2006.09.02).]
\scratchcounter=\count271
\scratchdimen=\dimen158
\scratchbox=\box52
\nofMPsegments=\count272
\nofMParguments=\count273
\everyMPshowfont=\toks20
\MPscratchCnt=\count274
\MPscratchDim=\dimen159
\MPnumerator=\count275
\makeMPintoPDFobject=\count276
\everyMPtoPDFconversion=\toks21
) (/usr/share/texlive/texmf-dist/tex/latex/epstopdf-pkg/epstopdf-base.sty
Package: epstopdf-base 2020-01-24 v2.11 Base part for package epstopdf
Package epstopdf-base Info: Redefining graphics rule for `.eps' on input line 4
85.

(/usr/share/texlive/texmf-dist/tex/latex/latexconfig/epstopdf-sys.cfg
File: epstopdf-sys.cfg 2010/07/13 v1.3 Configuration of (r)epstopdf for TeX Liv
e
))
Package hyperref Info: Link coloring OFF on input line 19.

(/usr/share/texlive/texmf-dist/tex/latex/hyperref/nameref.sty
Package: nameref 2019/09/16 v2.46 Cross-referencing by name of section

(/usr/share/texlive/texmf-dist/tex/latex/refcount/refcount.sty
Package: refcount 2019/12/15 v3.6 Data extraction from label references (HO)
)
(/usr/share/texlive/texmf-dist/tex/generic/gettitlestring/gettitlestring.sty
Package: gettitlestring 2019/12/15 v1.6 Cleanup title references (HO)
)
\c@section@level=\count277
)
LaTeX Info: Redefining \ref on input line 19.
LaTeX Info: Redefining \pageref on input line 19.
LaTeX Info: Redefining \nameref on input line 19.

(./p6y7.out) (./p6y7.out)
\@outlinefile=\write3
\openout3 = `p6y7.out'.

Package caption Info: Begin \AtBeginDocument code.
Package caption Info: End \AtBeginDocument code.

(/usr/share/texlive/texmf-dist/tex/latex/pdflscape/pdflscape.sty
Package: pdflscape 2019/12/05 v0.12 Display of landscape pages in PDF (HO)

(/usr/share/texlive/texmf-dist/tex/latex/graphics/lscape.sty
Package: lscape 2020/05/28 v3.02 Landscape Pages (DPC)
)
Package pdflscape Info: Auto-detected driver: pdftex on input line 81.
)

pdfTeX warning: /usr/bin/pdflatex (file ./c6y7.pdf): PDF inclusion: found PDF v
ersion <1.6>, but at most version <1.5> allowed
<c6y7.pdf, id=100, 614.295pt x 794.97pt>
File: c6y7.pdf Graphic file (type pdf)
<use c6y7.pdf>
Package pdftex.def Info: c6y7.pdf  used on input line 21.
(pdftex.def)             Requested size: 614.29349pt x 794.96806pt.


pdfTeX warning: /usr/bin/pdflatex (file ./c6y7.pdf): PDF inclusion: found PDF v
ersion <1.6>, but at most version <1.5> allowed
File: c6y7.pdf Graphic file (type pdf)
<use c6y7.pdf>
Package pdftex.def Info: c6y7.pdf  used on input line 21.
(pdftex.def)             Requested size: 614.29349pt x 794.96806pt.


pdfTeX warning: /usr/bin/pdflatex (file ./c6y7.pdf): PDF inclusion: found PDF v
ersion <1.6>, but at most version <1.5> allowed


pdfTeX warning: /usr/bin/pdflatex (file ./c6y7.pdf): PDF inclusion: found PDF v
ersion <1.6>, but at most version <1.5> allowed
<c6y7.pdf, id=103, page=1, 614.295pt x 794.97pt>
File: c6y7.pdf Graphic file (type pdf)
<use c6y7.pdf, page 1>
Package pdftex.def Info: c6y7.pdf , page1 used on input line 21.
(pdftex.def)             Requested size: 614.29349pt x 794.96806pt.
File: c6y7.pdf Graphic file (type pdf)
<use c6y7.pdf, page 1>
Package pdftex.def Info: c6y7.pdf , page1 used on input line 21.
(pdftex.def)             Requested size: 614.58406pt x 795.3441pt.
File: c6y7.pdf Graphic file (type pdf)
<use c6y7.pdf, page 1>
Package pdftex.def Info: c6y7.pdf , page1 used on input line 21.
(pdftex.def)             Requested size: 614.58406pt x 795.3441pt.
File: c6y7.pdf Graphic file (type pdf)
<use c6y7.pdf, page 1>
Package pdftex.def Info: c6y7.pdf , page1 used on input line 21.
(pdftex.def)             Requested size: 614.58406pt x 795.3441pt.
File: c6y7.pdf Graphic file (type pdf)
<use c6y7.pdf, page 1>
Package pdftex.def Info: c6y7.pdf , page1 used on input line 21.
(pdftex.def)             Requested size: 614.58406pt x 795.3441pt.
[1

 <./c6y7.pdf>]
LaTeX Font Info:    External font `cmex10' loaded for size
(Font)              <12> on input line 24.
LaTeX Font Info:    External font `cmex10' loaded for size
(Font)              <8> on input line 24.
LaTeX Font Info:    External font `cmex10' loaded for size
(Font)              <6> on input line 24.
 [2{/var/lib/texmf/fonts/map/pdftex/updmap/pdftex.map}]
Underfull \hbox (badness 10000) in paragraph at lines 44--45

 []


Underfull \hbox (badness 10000) in paragraph at lines 46--47

 []


Underfull \hbox (badness 10000) in paragraph at lines 48--49

 []


Underfull \hbox (badness 10000) in paragraph at lines 50--51

 []


Underfull \hbox (badness 10000) in paragraph at lines 52--53

 []


Underfull \hbox (badness 10000) in paragraph at lines 54--55

 []


Underfull \hbox (badness 10000) in paragraph at lines 56--57

 []


Underfull \hbox (badness 10000) in paragraph at lines 58--59

 []


Overfull \hbox (15.39436pt too wide) in paragraph at lines 60--61
[]\OT1/cmr/m/n/10 Por ul-timo se im-prime la lista del grafo por medio del meto
do \OT1/cmr/m/it/10 graph.printGraph() 
 []


Underfull \hbox (badness 10000) in paragraph at lines 60--61

 []

<images/graphMain.png, id=137, 377.41pt x 373.395pt>
File: images/graphMain.png Graphic file (type png)
<use images/graphMain.png>
Package pdftex.def Info: images/graphMain.png  used on input line 66.
(pdftex.def)             Requested size: 245.31358pt x 242.70387pt.
[3]
<images/e1.png, id=145, 405.515pt x 438.63875pt>
File: images/e1.png Graphic file (type png)
<use images/e1.png>
Package pdftex.def Info: images/e1.png  used on input line 73.
(pdftex.def)             Requested size: 324.41243pt x 350.91147pt.
 [4 <./images/graphMain.png>] [5 <./images/e1.png>]
Underfull \hbox (badness 10000) in paragraph at lines 82--83

 []


Underfull \hbox (badness 10000) in paragraph at lines 94--95

 []


Underfull \hbox (badness 10000) in paragraph at lines 96--97

 []


Underfull \hbox (badness 10000) in paragraph at lines 98--99

 []


Underfull \hbox (badness 10000) in paragraph at lines 100--101

 []

[6]
Underfull \hbox (badness 10000) in paragraph at lines 112--113

 []


Underfull \hbox (badness 10000) in paragraph at lines 114--115

 []

LaTeX Font Info:    External font `cmex10' loaded for size
(Font)              <7> on input line 116.
LaTeX Font Info:    External font `cmex10' loaded for size
(Font)              <5> on input line 116.

Underfull \hbox (badness 10000) in paragraph at lines 116--117

 []


Underfull \hbox (badness 10000) in paragraph at lines 118--119

 []


Underfull \hbox (badness 10000) in paragraph at lines 120--121

 []


Underfull \hbox (badness 10000) in paragraph at lines 122--123

 []


Underfull \hbox (badness 10000) in paragraph at lines 124--125

 []


Underfull \hbox (badness 10000) in paragraph at lines 126--127

 []


Underfull \hbox (badness 10000) in paragraph at lines 128--129

 []

[7]
Underfull \hbox (badness 10000) in paragraph at lines 130--131

 []

<images/e12graph.png, id=178, 401.5pt x 408.52625pt>
File: images/e12graph.png Graphic file (type png)
<use images/e12graph.png>
Package pdftex.def Info: images/e12graph.png  used on input line 139.
(pdftex.def)             Requested size: 240.90184pt x 245.11765pt.
<images/e121.png, id=179, 409.53pt x 188.705pt>
File: images/e121.png Graphic file (type png)
<use images/e121.png>
Package pdftex.def Info: images/e121.png  used on input line 145.
(pdftex.def)             Requested size: 368.57358pt x 169.83292pt.

Overfull \hbox (23.57358pt too wide) in paragraph at lines 145--146
 [][] 
 []

[8 <./images/e12graph.png>]
<images/e122.png, id=185, 275.0275pt x 289.08pt>
File: images/e122.png Graphic file (type png)
<use images/e122.png>
Package pdftex.def Info: images/e122.png  used on input line 151.
(pdftex.def)             Requested size: 247.52246pt x 260.16959pt.
<images/e123.png, id=186, 210.7875pt x 204.765pt>
File: images/e123.png Graphic file (type png)
<use images/e123.png>
Package pdftex.def Info: images/e123.png  used on input line 157.
(pdftex.def)             Requested size: 210.78699pt x 204.76448pt.
 [9 <./images/e121.png> <./images/e122.png>]
<images/e124.png, id=193, 277.035pt x 138.5175pt>
File: images/e124.png Graphic file (type png)
<use images/e124.png>
Package pdftex.def Info: images/e124.png  used on input line 163.
(pdftex.def)             Requested size: 277.03432pt x 138.51715pt.
<images/e125.png, id=194, 305.14pt x 323.2075pt>
File: images/e125.png Graphic file (type png)
<use images/e125.png>
Package pdftex.def Info: images/e125.png  used on input line 169.
(pdftex.def)             Requested size: 305.13924pt x 323.20671pt.

[10 <./images/e123.png> <./images/e124.png>] [11 <./images/e125.png>]
Underfull \hbox (badness 10000) in paragraph at lines 179--180

 []


Underfull \hbox (badness 10000) in paragraph at lines 181--182

 []


Underfull \hbox (badness 10000) in paragraph at lines 183--184

 []


Underfull \hbox (badness 10000) in paragraph at lines 185--186

 []


Underfull \hbox (badness 10000) in paragraph at lines 187--188

 []


Underfull \hbox (badness 10000) in paragraph at lines 189--190

 []


Underfull \hbox (badness 10000) in paragraph at lines 191--192

 []


Underfull \hbox (badness 10000) in paragraph at lines 193--194

 []

<images/e2graph.png, id=206, 401.5pt x 402.50375pt>
File: images/e2graph.png Graphic file (type png)
<use images/e2graph.png>
Package pdftex.def Info: images/e2graph.png  used on input line 201.
(pdftex.def)             Requested size: 240.90184pt x 241.5041pt.
[12]
<images/e21.png, id=211, 415.5525pt x 212.795pt>
File: images/e21.png Graphic file (type png)
<use images/e21.png>
Package pdftex.def Info: images/e21.png  used on input line 207.
(pdftex.def)             Requested size: 373.99379pt x 191.51372pt.

Overfull \hbox (28.99379pt too wide) in paragraph at lines 207--208
 [][] 
 []

<images/e22.png, id=212, 433.62pt x 346.29375pt>
File: images/e22.png Graphic file (type png)
<use images/e22.png>
Package pdftex.def Info: images/e22.png  used on input line 213.
(pdftex.def)             Requested size: 390.2544pt x 311.66148pt.

Overfull \hbox (45.2544pt too wide) in paragraph at lines 213--214
 [][] 
 []

[13 <./images/e2graph.png> <./images/e21.png>]
<images/e23.png, id=220, 205.76875pt x 225.84375pt>
File: images/e23.png Graphic file (type png)
<use images/e23.png>
Package pdftex.def Info: images/e23.png  used on input line 219.
(pdftex.def)             Requested size: 205.76823pt x 225.84319pt.
 [14 <./images/e22.png>]
<images/e24.png, id=226, 279.0425pt x 139.52126pt>
File: images/e24.png Graphic file (type png)
<use images/e24.png>
Package pdftex.def Info: images/e24.png  used on input line 225.
(pdftex.def)             Requested size: 279.04181pt x 139.5209pt.
<images/e25.png, id=227, 299.1175pt x 332.24126pt>
File: images/e25.png Graphic file (type png)
<use images/e25.png>
Package pdftex.def Info: images/e25.png  used on input line 231.
(pdftex.def)             Requested size: 299.11676pt x 332.24043pt.
 [15 <./images/e23.png> <./images/e24.png>] [16 <./images/e25.png>]
Underfull \hbox (badness 10000) in paragraph at lines 251--252

 []


Underfull \hbox (badness 10000) in paragraph at lines 253--254

 []


Underfull \hbox (badness 10000) in paragraph at lines 255--256

 []


Underfull \hbox (badness 10000) in paragraph at lines 257--258

 []


Underfull \hbox (badness 10000) in paragraph at lines 259--260

 []


Underfull \hbox (badness 10000) in paragraph at lines 261--262

 []


Underfull \hbox (badness 10000) in paragraph at lines 263--264

 []


Underfull \hbox (badness 10000) in paragraph at lines 265--266

 []

[17] [18]
Underfull \hbox (badness 10000) in paragraph at lines 273--274

 []

<images/e3graph.png, id=248, 403.5075pt x 404.51125pt>
File: images/e3graph.png Graphic file (type png)
<use images/e3graph.png>
Package pdftex.def Info: images/e3graph.png  used on input line 277.
(pdftex.def)             Requested size: 242.10637pt x 242.70862pt.
<images/e31.png, id=249, 405.515pt x 187.70125pt>
File: images/e31.png Graphic file (type png)
<use images/e31.png>
Package pdftex.def Info: images/e31.png  used on input line 283.
(pdftex.def)             Requested size: 364.96011pt x 168.92957pt.

Overfull \hbox (19.96011pt too wide) in paragraph at lines 283--284
 [][] 
 []

<images/e32.png, id=250, 401.5pt x 204.765pt>
File: images/e32.png Graphic file (type png)
<use images/e32.png>
Package pdftex.def Info: images/e32.png  used on input line 289.
(pdftex.def)             Requested size: 361.34665pt x 184.28677pt.

Overfull \hbox (16.34665pt too wide) in paragraph at lines 289--290
 [][] 
 []

[19 <./images/e3graph.png> <./images/e31.png>]
<images/e33.png, id=258, 263.98625pt x 180.675pt>
File: images/e33.png Graphic file (type png)
<use images/e33.png>
Package pdftex.def Info: images/e33.png  used on input line 295.
(pdftex.def)             Requested size: 263.9856pt x 180.67455pt.
<images/e34.png, id=259, 230.8625pt x 226.8475pt>
File: images/e34.png Graphic file (type png)
<use images/e34.png>
Package pdftex.def Info: images/e34.png  used on input line 301.
(pdftex.def)             Requested size: 230.86192pt x 226.84694pt.
 [20 <./images/e32.png> <./images/e33.png>]
<images/e35.png, id=266, 281.05pt x 156.585pt>
File: images/e35.png Graphic file (type png)
<use images/e35.png>
Package pdftex.def Info: images/e35.png  used on input line 307.
(pdftex.def)             Requested size: 281.0493pt x 156.58461pt.
<images/e36.png, id=267, 296.10625pt x 445.665pt>
File: images/e36.png Graphic file (type png)
<use images/e36.png>
Package pdftex.def Info: images/e36.png  used on input line 313.
(pdftex.def)             Requested size: 296.10551pt x 445.66391pt.
 [21 <./images/e34.png> <./images/e35.png>] [22 <./images/e36.png>]
<images/e3graph2.png, id=279, 401.5pt x 405.515pt>
File: images/e3graph2.png Graphic file (type png)
<use images/e3graph2.png>
Package pdftex.def Info: images/e3graph2.png  used on input line 323.
(pdftex.def)             Requested size: 321.20042pt x 324.41243pt.
<images/e37.png, id=280, 395.4775pt x 375.4025pt>
File: images/e37.png Graphic file (type png)
<use images/e37.png>
Package pdftex.def Info: images/e37.png  used on input line 329.
(pdftex.def)             Requested size: 355.92645pt x 337.85913pt.

Overfull \hbox (10.92645pt too wide) in paragraph at lines 329--330
 [][] 
 []

[23 <./images/e3graph2.png>]
<images/e38.png, id=286, 237.88875pt x 227.85126pt>
File: images/e38.png Graphic file (type png)
<use images/e38.png>
Package pdftex.def Info: images/e38.png  used on input line 335.
(pdftex.def)             Requested size: 214.09789pt x 205.06422pt.
 [24 <./images/e37.png>]
<images/e39.png, id=292, 265.99374pt x 153.57375pt>
File: images/e39.png Graphic file (type png)
<use images/e39.png>
Package pdftex.def Info: images/e39.png  used on input line 341.
(pdftex.def)             Requested size: 265.99309pt x 153.57336pt.
<images/e310.png, id=293, 348.30125pt x 486.81876pt>
File: images/e310.png Graphic file (type png)
<use images/e310.png>
Package pdftex.def Info: images/e310.png  used on input line 347.
(pdftex.def)             Requested size: 348.3004pt x 486.81757pt.

Overfull \hbox (3.3004pt too wide) in paragraph at lines 347--348
 [][] 
 []

[25 <./images/e38.png> <./images/e39.png>] [26 <./images/e310.png>]
Underfull \hbox (badness 10000) in paragraph at lines 357--358

 []


Underfull \hbox (badness 10000) in paragraph at lines 359--360

 []


Underfull \hbox (badness 10000) in paragraph at lines 361--362

 []


Underfull \hbox (badness 10000) in paragraph at lines 363--364

 []


Underfull \hbox (badness 10000) in paragraph at lines 365--366

 []

<images/e4graph1.png, id=306, 404.51125pt x 405.515pt>
File: images/e4graph1.png Graphic file (type png)
<use images/e4graph1.png>
Package pdftex.def Info: images/e4graph1.png  used on input line 373.
(pdftex.def)             Requested size: 242.70862pt x 243.31087pt.
[27]
<images/e41.png, id=312, 405.515pt x 367.3725pt>
File: images/e41.png Graphic file (type png)
<use images/e41.png>
Package pdftex.def Info: images/e41.png  used on input line 379.
(pdftex.def)             Requested size: 304.13548pt x 275.52869pt.
 [28 <./images/e4graph1.png>]
<images/e42.png, id=319, 138.5175pt x 223.83624pt>
File: images/e42.png Graphic file (type png)
<use images/e42.png>
Package pdftex.def Info: images/e42.png  used on input line 385.
(pdftex.def)             Requested size: 124.66458pt x 201.45074pt.
<images/e43.png, id=320, 273.02pt x 179.67125pt>
File: images/e43.png Graphic file (type png)
<use images/e43.png>
Package pdftex.def Info: images/e43.png  used on input line 391.
(pdftex.def)             Requested size: 273.01933pt x 179.67079pt.
 [29 <./images/e41.png> <./images/e42.png>]
<images/e44.png, id=327, 271.0125pt x 180.675pt>
File: images/e44.png Graphic file (type png)
<use images/e44.png>
Package pdftex.def Info: images/e44.png  used on input line 397.
(pdftex.def)             Requested size: 271.01183pt x 180.67455pt.
<images/e45.png, id=328, 274.02374pt x 179.67125pt>
File: images/e45.png Graphic file (type png)
<use images/e45.png>
Package pdftex.def Info: images/e45.png  used on input line 403.
(pdftex.def)             Requested size: 274.02307pt x 179.67079pt.

[30 <./images/e43.png> <./images/e44.png>]
<images/e4graph2.png, id=335, 401.5pt x 404.51125pt>
File: images/e4graph2.png Graphic file (type png)
<use images/e4graph2.png>
Package pdftex.def Info: images/e4graph2.png  used on input line 409.
(pdftex.def)             Requested size: 281.04808pt x 283.15593pt.
<images/e46.png, id=336, 279.0425pt x 311.1625pt>
File: images/e46.png Graphic file (type png)
<use images/e46.png>
Package pdftex.def Info: images/e46.png  used on input line 415.
(pdftex.def)             Requested size: 251.13591pt x 280.04366pt.
 [31 <./images/e45.png> <./images/e4graph2.png>]
<images/e47.png, id=344, 116.435pt x 185.69376pt>
File: images/e47.png Graphic file (type png)
<use images/e47.png>
Package pdftex.def Info: images/e47.png  used on input line 421.
(pdftex.def)             Requested size: 104.79051pt x 167.12283pt.
<images/e48.png, id=345, 259.97125pt x 178.6675pt>
File: images/e48.png Graphic file (type png)
<use images/e48.png>
Package pdftex.def Info: images/e48.png  used on input line 427.
(pdftex.def)             Requested size: 259.97061pt x 178.66705pt.
 [32 <./images/e46.png> <./images/e47.png>]
<images/e49.png, id=352, 271.0125pt x 186.6975pt>
File: images/e49.png Graphic file (type png)
<use images/e49.png>
Package pdftex.def Info: images/e49.png  used on input line 433.
(pdftex.def)             Requested size: 271.01183pt x 186.69704pt.
<images/e410.png, id=353, 272.01625pt x 174.6525pt>
File: images/e410.png Graphic file (type png)
<use images/e410.png>
Package pdftex.def Info: images/e410.png  used on input line 439.
(pdftex.def)             Requested size: 272.01558pt x 174.65207pt.
 [33 <./images/e48.png> <./images/e49.png>] [34 <./images/e410.png>]
Underfull \hbox (badness 10000) in paragraph at lines 448--449

 []


Underfull \hbox (badness 10000) in paragraph at lines 450--451

 []


Underfull \hbox (badness 10000) in paragraph at lines 452--453

 []

<images/e5graph.png, id=365, 405.515pt x 406.51875pt>
File: images/e5graph.png Graphic file (type png)
<use images/e5graph.png>
Package pdftex.def Info: images/e5graph.png  used on input line 460.
(pdftex.def)             Requested size: 243.31087pt x 243.91312pt.
[35]
<images/e51.png, id=370, 436.63126pt x 243.91125pt>
File: images/e51.png Graphic file (type png)
<use images/e51.png>
Package pdftex.def Info: images/e51.png  used on input line 466.
(pdftex.def)             Requested size: 305.63979pt x 170.7367pt.

Underfull \hbox (badness 10000) in paragraph at lines 474--475

 []

[36 <./images/e5graph.png> <./images/e51.png>] [37]
Underfull \hbox (badness 10000) in paragraph at lines 483--484

 []


Underfull \hbox (badness 10000) in paragraph at lines 487--488

 []


Underfull \hbox (badness 10000) in paragraph at lines 489--490

 []


Underfull \hbox (badness 10000) in paragraph at lines 491--492

 []


Underfull \hbox (badness 10000) in paragraph at lines 493--494

 []

[38] (./p6y7.aux)
Package rerunfilecheck Info: File `p6y7.out' has not changed.
(rerunfilecheck)             Checksum: E5DEC436E0D6010140F92088316F77C8;1537.
 ) 
Here is how much of TeX's memory you used:
 8048 strings out of 479304
 128526 string characters out of 5869779
 437750 words of memory out of 5000000
 24971 multiletter control sequences out of 15000+600000
 408893 words of font info for 45 fonts, out of 8000000 for 9000
 1141 hyphenation exceptions out of 8191
 71i,17n,77p,921b,444s stack positions out of 5000i,500n,10000p,200000b,80000s
{/usr/share/texmf/fonts/enc/dvips/cm-super/cm-super-ts1.enc}</usr/share/texli
ve/texmf-dist/fonts/type1/public/amsfonts/cm/cmbx10.pfb></usr/share/texlive/tex
mf-dist/fonts/type1/public/amsfonts/cm/cmbx12.pfb></usr/share/texlive/texmf-dis
t/fonts/type1/public/amsfonts/cm/cmbxti10.pfb></usr/share/texlive/texmf-dist/fo
nts/type1/public/amsfonts/cm/cmmi10.pfb></usr/share/texlive/texmf-dist/fonts/ty
pe1/public/amsfonts/cm/cmr10.pfb></usr/share/texlive/texmf-dist/fonts/type1/pub
lic/amsfonts/cm/cmr12.pfb></usr/share/texlive/texmf-dist/fonts/type1/public/ams
fonts/cm/cmr17.pfb></usr/share/texlive/texmf-dist/fonts/type1/public/amsfonts/c
m/cmsy10.pfb></usr/share/texlive/texmf-dist/fonts/type1/public/amsfonts/cm/cmti
10.pfb></usr/share/texlive/texmf-dist/fonts/type1/public/amsfonts/cm/cmtt10.pfb
></usr/share/texmf/fonts/type1/public/cm-super/sfrm1000.pfb>
Output written on p6y7.pdf (38 pages, 585987 bytes).
PDF statistics:
 452 PDF objects out of 1000 (max. 8388607)
 345 compressed objects within 4 object streams
 113 named destinations out of 1000 (max. 500000)
 413 words of extra memory for PDF output out of 10000 (max. 10000000)

