\BOOKMARK [1][-]{section.1}{Objetivo General}{}% 1
\BOOKMARK [1][-]{section.2}{Objetivo de Clase}{}% 2
\BOOKMARK [1][-]{section.3}{Actividades}{}% 3
\BOOKMARK [2][-]{subsection.3.1}{Ejercicio 1.1}{section.3}% 4
\BOOKMARK [3][-]{subsubsection.3.1.1}{Desarrollo}{subsection.3.1}% 5
\BOOKMARK [3][-]{subsubsection.3.1.2}{Ejecucion}{subsection.3.1}% 6
\BOOKMARK [2][-]{subsection.3.2}{Ejercicio 1.2}{section.3}% 7
\BOOKMARK [3][-]{subsubsection.3.2.1}{Desarrollo}{subsection.3.2}% 8
\BOOKMARK [3][-]{subsubsection.3.2.2}{Ejecucion}{subsection.3.2}% 9
\BOOKMARK [2][-]{subsection.3.3}{Ejercicio 2}{section.3}% 10
\BOOKMARK [3][-]{subsubsection.3.3.1}{Desarrollo}{subsection.3.3}% 11
\BOOKMARK [3][-]{subsubsection.3.3.2}{Ejecucion}{subsection.3.3}% 12
\BOOKMARK [2][-]{subsection.3.4}{Ejercicio 3}{section.3}% 13
\BOOKMARK [3][-]{subsubsection.3.4.1}{Desarrollo}{subsection.3.4}% 14
\BOOKMARK [3][-]{subsubsection.3.4.2}{Ejecucion}{subsection.3.4}% 15
\BOOKMARK [2][-]{subsection.3.5}{Ejercicio 4}{section.3}% 16
\BOOKMARK [3][-]{subsubsection.3.5.1}{Desarrollo}{subsection.3.5}% 17
\BOOKMARK [3][-]{subsubsection.3.5.2}{Ejecucion}{subsection.3.5}% 18
\BOOKMARK [2][-]{subsection.3.6}{Ejercicio 5}{section.3}% 19
\BOOKMARK [3][-]{subsubsection.3.6.1}{Desarrollo}{subsection.3.6}% 20
\BOOKMARK [3][-]{subsubsection.3.6.2}{Ejecucion}{subsection.3.6}% 21
\BOOKMARK [2][-]{subsection.3.7}{Ejercicio 6: Adicional}{section.3}% 22
\BOOKMARK [3][-]{subsubsection.3.7.1}{Desarrollo}{subsection.3.7}% 23
\BOOKMARK [1][-]{section.4}{Conclusiones}{}% 24
