This is pdfTeX, Version 3.14159265-2.6-1.40.21 (TeX Live 2020/Debian) (preloaded format=pdflatex 2021.9.12)  18 OCT 2021 03:26
entering extended mode
 restricted \write18 enabled.
 %&-line parsing enabled.
**p5.tex
(./p5.tex
LaTeX2e <2020-10-01> patch level 4
L3 programming layer <2021-01-09> xparse <2020-03-03>
(/usr/share/texlive/texmf-dist/tex/latex/base/article.cls
Document Class: article 2020/04/10 v1.4m Standard LaTeX document class
(/usr/share/texlive/texmf-dist/tex/latex/base/size10.clo
File: size10.clo 2020/04/10 v1.4m Standard LaTeX file (size option)
)
\c@part=\count177
\c@section=\count178
\c@subsection=\count179
\c@subsubsection=\count180
\c@paragraph=\count181
\c@subparagraph=\count182
\c@figure=\count183
\c@table=\count184
\abovecaptionskip=\skip47
\belowcaptionskip=\skip48
\bibindent=\dimen138
)
(/usr/share/texlive/texmf-dist/tex/latex/graphics/graphicx.sty
Package: graphicx 2020/09/09 v1.2b Enhanced LaTeX Graphics (DPC,SPQR)

(/usr/share/texlive/texmf-dist/tex/latex/graphics/keyval.sty
Package: keyval 2014/10/28 v1.15 key=value parser (DPC)
\KV@toks@=\toks15
)
(/usr/share/texlive/texmf-dist/tex/latex/graphics/graphics.sty
Package: graphics 2020/08/30 v1.4c Standard LaTeX Graphics (DPC,SPQR)

(/usr/share/texlive/texmf-dist/tex/latex/graphics/trig.sty
Package: trig 2016/01/03 v1.10 sin cos tan (DPC)
)
(/usr/share/texlive/texmf-dist/tex/latex/graphics-cfg/graphics.cfg
File: graphics.cfg 2016/06/04 v1.11 sample graphics configuration
)
Package graphics Info: Driver file: pdftex.def on input line 105.

(/usr/share/texlive/texmf-dist/tex/latex/graphics-def/pdftex.def
File: pdftex.def 2020/10/05 v1.2a Graphics/color driver for pdftex
))
\Gin@req@height=\dimen139
\Gin@req@width=\dimen140
)
(/usr/share/texlive/texmf-dist/tex/latex/hyperref/hyperref.sty
Package: hyperref 2020-05-15 v7.00e Hypertext links for LaTeX

(/usr/share/texlive/texmf-dist/tex/generic/ltxcmds/ltxcmds.sty
Package: ltxcmds 2020-05-10 v1.25 LaTeX kernel commands for general use (HO)
)
(/usr/share/texlive/texmf-dist/tex/generic/iftex/iftex.sty
Package: iftex 2020/03/06 v1.0d TeX engine tests
)
(/usr/share/texlive/texmf-dist/tex/generic/pdftexcmds/pdftexcmds.sty
Package: pdftexcmds 2020-06-27 v0.33 Utility functions of pdfTeX for LuaTeX (HO
)

(/usr/share/texlive/texmf-dist/tex/generic/infwarerr/infwarerr.sty
Package: infwarerr 2019/12/03 v1.5 Providing info/warning/error messages (HO)
)
Package pdftexcmds Info: \pdf@primitive is available.
Package pdftexcmds Info: \pdf@ifprimitive is available.
Package pdftexcmds Info: \pdfdraftmode found.
)
(/usr/share/texlive/texmf-dist/tex/generic/kvsetkeys/kvsetkeys.sty
Package: kvsetkeys 2019/12/15 v1.18 Key value parser (HO)
)
(/usr/share/texlive/texmf-dist/tex/generic/kvdefinekeys/kvdefinekeys.sty
Package: kvdefinekeys 2019-12-19 v1.6 Define keys (HO)
)
(/usr/share/texlive/texmf-dist/tex/generic/pdfescape/pdfescape.sty
Package: pdfescape 2019/12/09 v1.15 Implements pdfTeX's escape features (HO)
)
(/usr/share/texlive/texmf-dist/tex/latex/hycolor/hycolor.sty
Package: hycolor 2020-01-27 v1.10 Color options for hyperref/bookmark (HO)
)
(/usr/share/texlive/texmf-dist/tex/latex/letltxmacro/letltxmacro.sty
Package: letltxmacro 2019/12/03 v1.6 Let assignment for LaTeX macros (HO)
)
(/usr/share/texlive/texmf-dist/tex/latex/auxhook/auxhook.sty
Package: auxhook 2019-12-17 v1.6 Hooks for auxiliary files (HO)
)
(/usr/share/texlive/texmf-dist/tex/latex/kvoptions/kvoptions.sty
Package: kvoptions 2020-10-07 v3.14 Key value format for package options (HO)
)
\@linkdim=\dimen141
\Hy@linkcounter=\count185
\Hy@pagecounter=\count186

(/usr/share/texlive/texmf-dist/tex/latex/hyperref/pd1enc.def
File: pd1enc.def 2020-05-15 v7.00e Hyperref: PDFDocEncoding definition (HO)
Now handling font encoding PD1 ...
... no UTF-8 mapping file for font encoding PD1
)
(/usr/share/texlive/texmf-dist/tex/generic/intcalc/intcalc.sty
Package: intcalc 2019/12/15 v1.3 Expandable calculations with integers (HO)
)
(/usr/share/texlive/texmf-dist/tex/generic/etexcmds/etexcmds.sty
Package: etexcmds 2019/12/15 v1.7 Avoid name clashes with e-TeX commands (HO)
)
\Hy@SavedSpaceFactor=\count187
Package hyperref Info: Hyper figures OFF on input line 4464.
Package hyperref Info: Link nesting OFF on input line 4469.
Package hyperref Info: Hyper index ON on input line 4472.
Package hyperref Info: Plain pages OFF on input line 4479.
Package hyperref Info: Backreferencing OFF on input line 4484.
Package hyperref Info: Implicit mode ON; LaTeX internals redefined.
Package hyperref Info: Bookmarks ON on input line 4717.
\c@Hy@tempcnt=\count188

(/usr/share/texlive/texmf-dist/tex/latex/url/url.sty
\Urlmuskip=\muskip16
Package: url 2013/09/16  ver 3.4  Verb mode for urls, etc.
)
LaTeX Info: Redefining \url on input line 5076.
\XeTeXLinkMargin=\dimen142

(/usr/share/texlive/texmf-dist/tex/generic/bitset/bitset.sty
Package: bitset 2019/12/09 v1.3 Handle bit-vector datatype (HO)

(/usr/share/texlive/texmf-dist/tex/generic/bigintcalc/bigintcalc.sty
Package: bigintcalc 2019/12/15 v1.5 Expandable calculations on big integers (HO
)
))
\Fld@menulength=\count189
\Field@Width=\dimen143
\Fld@charsize=\dimen144
Package hyperref Info: Hyper figures OFF on input line 6347.
Package hyperref Info: Link nesting OFF on input line 6352.
Package hyperref Info: Hyper index ON on input line 6355.
Package hyperref Info: backreferencing OFF on input line 6362.
Package hyperref Info: Link coloring OFF on input line 6367.
Package hyperref Info: Link coloring with OCG OFF on input line 6372.
Package hyperref Info: PDF/A mode OFF on input line 6377.
LaTeX Info: Redefining \ref on input line 6417.
LaTeX Info: Redefining \pageref on input line 6421.

(/usr/share/texlive/texmf-dist/tex/latex/base/atbegshi-ltx.sty
Package: atbegshi-ltx 2020/08/17 v1.0a Emulation of the original atbegshi packa
ge
with kernel methods
)
\Hy@abspage=\count190
\c@Item=\count191
\c@Hfootnote=\count192
)
Package hyperref Info: Driver (autodetected): hpdftex.

(/usr/share/texlive/texmf-dist/tex/latex/hyperref/hpdftex.def
File: hpdftex.def 2020-05-15 v7.00e Hyperref driver for pdfTeX

(/usr/share/texlive/texmf-dist/tex/latex/base/atveryend-ltx.sty
Package: atveryend-ltx 2020/08/19 v1.0a Emulation of the original atvery packag
e
with kernel methods
)
\Fld@listcount=\count193
\c@bookmark@seq@number=\count194

(/usr/share/texlive/texmf-dist/tex/latex/rerunfilecheck/rerunfilecheck.sty
Package: rerunfilecheck 2019/12/05 v1.9 Rerun checks for auxiliary files (HO)

(/usr/share/texlive/texmf-dist/tex/generic/uniquecounter/uniquecounter.sty
Package: uniquecounter 2019/12/15 v1.4 Provide unlimited unique counter (HO)
)
Package uniquecounter Info: New unique counter `rerunfilecheck' on input line 2
86.
)
\Hy@SectionHShift=\skip49
)
(/usr/share/texlive/texmf-dist/tex/latex/float/float.sty
Package: float 2001/11/08 v1.3d Float enhancements (AL)
\c@float@type=\count195
\float@exts=\toks16
\float@box=\box47
\@float@everytoks=\toks17
\@floatcapt=\box48
)
(/usr/share/texlive/texmf-dist/tex/latex/caption/caption.sty
Package: caption 2020/10/26 v3.5g Customizing captions (AR)

(/usr/share/texlive/texmf-dist/tex/latex/caption/caption3.sty
Package: caption3 2020/10/21 v2.2e caption3 kernel (AR)
\captionmargin=\dimen145
\captionmargin@=\dimen146
\captionwidth=\dimen147
\caption@tempdima=\dimen148
\caption@indent=\dimen149
\caption@parindent=\dimen150
\caption@hangindent=\dimen151
Package caption Info: Standard document class detected.
)
\c@caption@flags=\count196
\c@continuedfloat=\count197
Package caption Info: float package is loaded.
Package caption Info: hyperref package is loaded.
)
(/usr/share/texlive/texmf-dist/tex/latex/pdfpages/pdfpages.sty
Package: pdfpages 2021/01/09 v0.5r Insert pages of external PDF documents (AM)

(/usr/share/texlive/texmf-dist/tex/latex/base/ifthen.sty
Package: ifthen 2014/09/29 v1.1c Standard LaTeX ifthen package (DPC)
)
(/usr/share/texlive/texmf-dist/tex/latex/tools/calc.sty
Package: calc 2017/05/25 v4.3 Infix arithmetic (KKT,FJ)
\calc@Acount=\count198
\calc@Bcount=\count199
\calc@Adimen=\dimen152
\calc@Bdimen=\dimen153
\calc@Askip=\skip50
\calc@Bskip=\skip51
LaTeX Info: Redefining \setlength on input line 80.
LaTeX Info: Redefining \addtolength on input line 81.
\calc@Ccount=\count266
\calc@Cskip=\skip52
)
(/usr/share/texlive/texmf-dist/tex/latex/eso-pic/eso-pic.sty
Package: eso-pic 2020/10/14 v3.0a eso-pic (RN)
\ESO@tempdima=\dimen154
\ESO@tempdimb=\dimen155

(/usr/share/texlive/texmf-dist/tex/latex/xcolor/xcolor.sty
Package: xcolor 2016/05/11 v2.12 LaTeX color extensions (UK)

(/usr/share/texlive/texmf-dist/tex/latex/graphics-cfg/color.cfg
File: color.cfg 2016/01/02 v1.6 sample color configuration
)
Package xcolor Info: Driver file: pdftex.def on input line 225.
Package xcolor Info: Model `cmy' substituted by `cmy0' on input line 1348.
Package xcolor Info: Model `hsb' substituted by `rgb' on input line 1352.
Package xcolor Info: Model `RGB' extended on input line 1364.
Package xcolor Info: Model `HTML' substituted by `rgb' on input line 1366.
Package xcolor Info: Model `Hsb' substituted by `hsb' on input line 1367.
Package xcolor Info: Model `tHsb' substituted by `hsb' on input line 1368.
Package xcolor Info: Model `HSB' substituted by `hsb' on input line 1369.
Package xcolor Info: Model `Gray' substituted by `gray' on input line 1370.
Package xcolor Info: Model `wave' substituted by `hsb' on input line 1371.
))
\AM@pagewidth=\dimen156
\AM@pageheight=\dimen157

(/usr/share/texlive/texmf-dist/tex/latex/pdfpages/pppdftex.def
File: pppdftex.def 2021/01/09 v0.5r Pdfpages driver for pdfTeX (AM)
)
\pdfpages@includegraphics@status=\count267
\AM@pagebox=\box49
\AM@global@opts=\toks18
\AM@pagecnt=\count268
\AM@toc@title=\toks19
\c@AM@survey=\count269
\AM@templatesizebox=\box50
)
(/usr/share/texlive/texmf-dist/tex/latex/l3backend/l3backend-pdftex.def
File: l3backend-pdftex.def 2020-01-29 L3 backend support: PDF output (pdfTeX)
\l__color_backend_stack_int=\count270
\l__pdf_internal_box=\box51
)
(./p5.aux)
\openout1 = `p5.aux'.

LaTeX Font Info:    Checking defaults for OML/cmm/m/it on input line 19.
LaTeX Font Info:    ... okay on input line 19.
LaTeX Font Info:    Checking defaults for OMS/cmsy/m/n on input line 19.
LaTeX Font Info:    ... okay on input line 19.
LaTeX Font Info:    Checking defaults for OT1/cmr/m/n on input line 19.
LaTeX Font Info:    ... okay on input line 19.
LaTeX Font Info:    Checking defaults for T1/cmr/m/n on input line 19.
LaTeX Font Info:    ... okay on input line 19.
LaTeX Font Info:    Checking defaults for TS1/cmr/m/n on input line 19.
LaTeX Font Info:    ... okay on input line 19.
LaTeX Font Info:    Checking defaults for OMX/cmex/m/n on input line 19.
LaTeX Font Info:    ... okay on input line 19.
LaTeX Font Info:    Checking defaults for U/cmr/m/n on input line 19.
LaTeX Font Info:    ... okay on input line 19.
LaTeX Font Info:    Checking defaults for PD1/pdf/m/n on input line 19.
LaTeX Font Info:    ... okay on input line 19.
 (/usr/share/texlive/texmf-dist/tex/context/base/mkii/supp-pdf.mkii
[Loading MPS to PDF converter (version 2006.09.02).]
\scratchcounter=\count271
\scratchdimen=\dimen158
\scratchbox=\box52
\nofMPsegments=\count272
\nofMParguments=\count273
\everyMPshowfont=\toks20
\MPscratchCnt=\count274
\MPscratchDim=\dimen159
\MPnumerator=\count275
\makeMPintoPDFobject=\count276
\everyMPtoPDFconversion=\toks21
) (/usr/share/texlive/texmf-dist/tex/latex/epstopdf-pkg/epstopdf-base.sty
Package: epstopdf-base 2020-01-24 v2.11 Base part for package epstopdf
Package epstopdf-base Info: Redefining graphics rule for `.eps' on input line 4
85.

(/usr/share/texlive/texmf-dist/tex/latex/latexconfig/epstopdf-sys.cfg
File: epstopdf-sys.cfg 2010/07/13 v1.3 Configuration of (r)epstopdf for TeX Liv
e
))
Package hyperref Info: Link coloring OFF on input line 19.

(/usr/share/texlive/texmf-dist/tex/latex/hyperref/nameref.sty
Package: nameref 2019/09/16 v2.46 Cross-referencing by name of section

(/usr/share/texlive/texmf-dist/tex/latex/refcount/refcount.sty
Package: refcount 2019/12/15 v3.6 Data extraction from label references (HO)
)
(/usr/share/texlive/texmf-dist/tex/generic/gettitlestring/gettitlestring.sty
Package: gettitlestring 2019/12/15 v1.6 Cleanup title references (HO)
)
\c@section@level=\count277
)
LaTeX Info: Redefining \ref on input line 19.
LaTeX Info: Redefining \pageref on input line 19.
LaTeX Info: Redefining \nameref on input line 19.

(./p5.out) (./p5.out)
\@outlinefile=\write3
\openout3 = `p5.out'.

Package caption Info: Begin \AtBeginDocument code.
Package caption Info: End \AtBeginDocument code.

(/usr/share/texlive/texmf-dist/tex/latex/pdflscape/pdflscape.sty
Package: pdflscape 2019/12/05 v0.12 Display of landscape pages in PDF (HO)

(/usr/share/texlive/texmf-dist/tex/latex/graphics/lscape.sty
Package: lscape 2020/05/28 v3.02 Landscape Pages (DPC)
)
Package pdflscape Info: Auto-detected driver: pdftex on input line 81.
)

pdfTeX warning: /usr/bin/pdflatex (file ./c5.pdf): PDF inclusion: found PDF ver
sion <1.6>, but at most version <1.5> allowed
<c5.pdf, id=100, 614.295pt x 794.97pt>
File: c5.pdf Graphic file (type pdf)
<use c5.pdf>
Package pdftex.def Info: c5.pdf  used on input line 21.
(pdftex.def)             Requested size: 614.29349pt x 794.96806pt.


pdfTeX warning: /usr/bin/pdflatex (file ./c5.pdf): PDF inclusion: found PDF ver
sion <1.6>, but at most version <1.5> allowed
File: c5.pdf Graphic file (type pdf)
<use c5.pdf>
Package pdftex.def Info: c5.pdf  used on input line 21.
(pdftex.def)             Requested size: 614.29349pt x 794.96806pt.


pdfTeX warning: /usr/bin/pdflatex (file ./c5.pdf): PDF inclusion: found PDF ver
sion <1.6>, but at most version <1.5> allowed


pdfTeX warning: /usr/bin/pdflatex (file ./c5.pdf): PDF inclusion: found PDF ver
sion <1.6>, but at most version <1.5> allowed
<c5.pdf, id=103, page=1, 614.295pt x 794.97pt>
File: c5.pdf Graphic file (type pdf)
<use c5.pdf, page 1>
Package pdftex.def Info: c5.pdf , page1 used on input line 21.
(pdftex.def)             Requested size: 614.29349pt x 794.96806pt.
File: c5.pdf Graphic file (type pdf)
<use c5.pdf, page 1>
Package pdftex.def Info: c5.pdf , page1 used on input line 21.
(pdftex.def)             Requested size: 614.58406pt x 795.3441pt.
File: c5.pdf Graphic file (type pdf)
<use c5.pdf, page 1>
Package pdftex.def Info: c5.pdf , page1 used on input line 21.
(pdftex.def)             Requested size: 614.58406pt x 795.3441pt.
File: c5.pdf Graphic file (type pdf)
<use c5.pdf, page 1>
Package pdftex.def Info: c5.pdf , page1 used on input line 21.
(pdftex.def)             Requested size: 614.58406pt x 795.3441pt.
File: c5.pdf Graphic file (type pdf)
<use c5.pdf, page 1>
Package pdftex.def Info: c5.pdf , page1 used on input line 21.
(pdftex.def)             Requested size: 614.58406pt x 795.3441pt.
[1

 <./c5.pdf>]
LaTeX Font Info:    External font `cmex10' loaded for size
(Font)              <12> on input line 24.
LaTeX Font Info:    External font `cmex10' loaded for size
(Font)              <8> on input line 24.
LaTeX Font Info:    External font `cmex10' loaded for size
(Font)              <6> on input line 24.
 [2{/var/lib/texmf/fonts/map/pdftex/updmap/pdftex.map}]
Overfull \hbox (17.62347pt too wide) in paragraph at lines 40--41
\OT1/cmr/m/n/10 primer-a-mente cree el proyecto en \OT1/cmr/m/it/10 Java \OT1/c
mr/m/n/10 con el nom-bre de \OT1/cmr/bx/n/10 Prac-tica5[RomanAdolfo]
 []


Underfull \hbox (badness 10000) in paragraph at lines 40--41

 []


Underfull \hbox (badness 10000) in paragraph at lines 42--43

 []


Underfull \hbox (badness 10000) in paragraph at lines 53--54

 []


Underfull \hbox (badness 10000) in paragraph at lines 55--56

 []

<images/e0.png, id=137, 439.6425pt x 168.63pt>
File: images/e0.png Graphic file (type png)
<use images/e0.png>
Package pdftex.def Info: images/e0.png  used on input line 63.
(pdftex.def)             Requested size: 395.67459pt x 151.76558pt.

Overfull \hbox (50.67459pt too wide) in paragraph at lines 63--64
 [][] 
 []

[3] [4 <./images/e0.png>]
Underfull \hbox (badness 10000) in paragraph at lines 73--74

 []


Underfull \hbox (badness 10000) in paragraph at lines 75--76

 []


Underfull \hbox (badness 10000) in paragraph at lines 77--78

 []


Underfull \hbox (badness 10000) in paragraph at lines 79--80

 []

<images/e1.png, id=154, 439.6425pt x 414.54875pt>
File: images/e1.png Graphic file (type png)
<use images/e1.png>
Package pdftex.def Info: images/e1.png  used on input line 85.
(pdftex.def)             Requested size: 219.82071pt x 207.27386pt.

Underfull \hbox (badness 10000) in paragraph at lines 89--90

 []

[5 <./images/e1.png>]
Underfull \hbox (badness 10000) in paragraph at lines 93--94

 []


Underfull \hbox (badness 10000) in paragraph at lines 95--96

 []


Underfull \hbox (badness 10000) in paragraph at lines 97--98

 []


Underfull \hbox (badness 10000) in paragraph at lines 99--100

 []


Underfull \hbox (badness 10000) in paragraph at lines 101--102

 []

<images/e12.png, id=160, 295.1025pt x 412.54124pt>
File: images/e12.png Graphic file (type png)
<use images/e12.png>
Package pdftex.def Info: images/e12.png  used on input line 107.
(pdftex.def)             Requested size: 236.0823pt x 330.03345pt.
[6]
Underfull \hbox (badness 10000) in paragraph at lines 113--114

 []

<images/e13.png, id=165, 573.14125pt x 138.5175pt>
File: images/e13.png Graphic file (type png)
<use images/e13.png>
Package pdftex.def Info: images/e13.png  used on input line 123.
(pdftex.def)             Requested size: 343.8874pt x 83.11113pt.
[7 <./images/e12.png>]
<images/e14.png, id=172, 577.15625pt x 141.52875pt>
File: images/e14.png Graphic file (type png)
<use images/e14.png>
Package pdftex.def Info: images/e14.png  used on input line 129.
(pdftex.def)             Requested size: 346.29642pt x 84.9179pt.

Overfull \hbox (1.29642pt too wide) in paragraph at lines 129--130
 [][] 
 []

<images/e15.png, id=173, 357.335pt x 94.3525pt>
File: images/e15.png Graphic file (type png)
<use images/e15.png>
Package pdftex.def Info: images/e15.png  used on input line 135.
(pdftex.def)             Requested size: 357.33412pt x 94.35225pt.

Overfull \hbox (12.33412pt too wide) in paragraph at lines 135--136
 [][] 
 []

<images/e16.png, id=174, 383.4325pt x 89.33376pt>
File: images/e16.png Graphic file (type png)
<use images/e16.png>
Package pdftex.def Info: images/e16.png  used on input line 141.
(pdftex.def)             Requested size: 383.43156pt x 89.33353pt.

Overfull \hbox (38.43156pt too wide) in paragraph at lines 141--142
 [][] 
 []

<images/e17.png, id=175, 438.63875pt x 89.33376pt>
File: images/e17.png Graphic file (type png)
<use images/e17.png>
Package pdftex.def Info: images/e17.png  used on input line 147.
(pdftex.def)             Requested size: 438.63766pt x 89.33353pt.

Overfull \hbox (93.63766pt too wide) in paragraph at lines 147--148
 [][] 
 []

[8 <./images/e13.png> <./images/e14.png> <./images/e15.png> <./images/e16.png>]
<images/e18.png, id=185, 476.78125pt x 91.34125pt>
File: images/e18.png Graphic file (type png)
<use images/e18.png>
Package pdftex.def Info: images/e18.png  used on input line 153.
(pdftex.def)             Requested size: 476.78008pt x 91.34102pt.

Overfull \hbox (131.78008pt too wide) in paragraph at lines 153--154
 [][] 
 []

<images/e19.png, id=186, 323.2075pt x 92.345pt>
File: images/e19.png Graphic file (type png)
<use images/e19.png>
Package pdftex.def Info: images/e19.png  used on input line 159.
(pdftex.def)             Requested size: 323.20671pt x 92.34476pt.
<images/e110.png, id=187, 319.1925pt x 97.36375pt>
File: images/e110.png Graphic file (type png)
<use images/e110.png>
Package pdftex.def Info: images/e110.png  used on input line 165.
(pdftex.def)             Requested size: 319.19171pt x 97.3635pt.
<images/e111.png, id=188, 302.12875pt x 134.5025pt>
File: images/e111.png Graphic file (type png)
<use images/e111.png>
Package pdftex.def Info: images/e111.png  used on input line 171.
(pdftex.def)             Requested size: 302.128pt x 134.50215pt.
[9 <./images/e17.png> <./images/e18.png> <./images/e19.png> <./images/e110.png>
]
<images/e112.png, id=197, 443.6575pt x 92.345pt>
File: images/e112.png Graphic file (type png)
<use images/e112.png>
Package pdftex.def Info: images/e112.png  used on input line 177.
(pdftex.def)             Requested size: 443.6564pt x 92.34476pt.

Overfull \hbox (98.6564pt too wide) in paragraph at lines 177--178
 [][] 
 []

<images/e113.png, id=198, 378.41376pt x 93.34875pt>
File: images/e113.png Graphic file (type png)
<use images/e113.png>
Package pdftex.def Info: images/e113.png  used on input line 183.
(pdftex.def)             Requested size: 378.41283pt x 93.34851pt.

Overfull \hbox (33.41283pt too wide) in paragraph at lines 183--184
 [][] 
 []

<images/e114.png, id=199, 328.22626pt x 91.34125pt>
File: images/e114.png Graphic file (type png)
<use images/e114.png>
Package pdftex.def Info: images/e114.png  used on input line 189.
(pdftex.def)             Requested size: 328.22545pt x 91.34102pt.
[10 <./images/e111.png> <./images/e112.png> <./images/e113.png>]
<images/e115.png, id=207, 319.1925pt x 91.34125pt>
File: images/e115.png Graphic file (type png)
<use images/e115.png>
Package pdftex.def Info: images/e115.png  used on input line 195.
(pdftex.def)             Requested size: 319.19171pt x 91.34102pt.
<images/e116.png, id=208, 356.33125pt x 55.20625pt>
File: images/e116.png Graphic file (type png)
<use images/e116.png>
Package pdftex.def Info: images/e116.png  used on input line 201.
(pdftex.def)             Requested size: 356.33037pt x 55.2061pt.

Overfull \hbox (11.33037pt too wide) in paragraph at lines 201--202
 [][] 
 []

<images/e117.png, id=209, 326.21875pt x 67.25125pt>
File: images/e117.png Graphic file (type png)
<use images/e117.png>
Package pdftex.def Info: images/e117.png  used on input line 207.
(pdftex.def)             Requested size: 326.21794pt x 67.25107pt.
<images/e118.png, id=210, 333.245pt x 60.225pt>
File: images/e118.png Graphic file (type png)
<use images/e118.png>
Package pdftex.def Info: images/e118.png  used on input line 213.
(pdftex.def)             Requested size: 333.24417pt x 60.22484pt.
[11 <./images/e114.png> <./images/e115.png> <./images/e116.png> <./images/e117.
png>]
<images/e119.png, id=219, 326.21875pt x 63.23625pt>
File: images/e119.png Graphic file (type png)
<use images/e119.png>
Package pdftex.def Info: images/e119.png  used on input line 219.
(pdftex.def)             Requested size: 326.21794pt x 63.23608pt.
<images/e120.png, id=220, 330.23375pt x 64.24pt>
File: images/e120.png Graphic file (type png)
<use images/e120.png>
Package pdftex.def Info: images/e120.png  used on input line 225.
(pdftex.def)             Requested size: 330.23293pt x 64.23984pt.
<images/e121.png, id=221, 257.96375pt x 53.19875pt>
File: images/e121.png Graphic file (type png)
<use images/e121.png>
Package pdftex.def Info: images/e121.png  used on input line 231.
(pdftex.def)             Requested size: 257.9631pt x 53.19861pt.
<images/e123.png, id=222, 284.06125pt x 335.2525pt>
File: images/e123.png Graphic file (type png)
<use images/e123.png>
Package pdftex.def Info: images/e123.png  used on input line 238.
(pdftex.def)             Requested size: 284.06053pt x 335.25168pt.
 [12 <./images/e118.png> <./images/e119.png> <./images/e120.png> <./images/e121
.png>] [13 <./images/e123.png>]
Underfull \hbox (badness 10000) in paragraph at lines 248--249

 []


Underfull \hbox (badness 10000) in paragraph at lines 250--251

 []


Overfull \hbox (41.8324pt too wide) in paragraph at lines 252--253
[]\OT1/cmr/m/n/10 Para lo-grar esto, primer-a-mente la clase usa el codigo [][]
\OT1/cmtt/m/n/10 import java.util.LinkedList;
 []


Underfull \hbox (badness 10000) in paragraph at lines 252--253

 []


Underfull \hbox (badness 10000) in paragraph at lines 254--255

 []


Underfull \hbox (badness 10000) in paragraph at lines 256--257

 []


Underfull \hbox (badness 10000) in paragraph at lines 258--259

 []

<images/e21.png, id=237, 278.03876pt x 203.76125pt>
File: images/e21.png Graphic file (type png)
<use images/e21.png>
Package pdftex.def Info: images/e21.png  used on input line 262.
(pdftex.def)             Requested size: 250.23256pt x 183.38342pt.

Underfull \hbox (badness 10000) in paragraph at lines 266--267

 []

[14 <./images/e21.png>]
Underfull \hbox (badness 10000) in paragraph at lines 268--269

 []


Underfull \hbox (badness 10000) in paragraph at lines 270--271

 []


Underfull \hbox (badness 10000) in paragraph at lines 272--273

 []


Underfull \hbox (badness 10000) in paragraph at lines 285--286

 []


Underfull \hbox (badness 10000) in paragraph at lines 287--288

 []

LaTeX Font Info:    External font `cmex10' loaded for size
(Font)              <7> on input line 294.
LaTeX Font Info:    External font `cmex10' loaded for size
(Font)              <5> on input line 294.

Underfull \hbox (badness 10000) in paragraph at lines 304--305

 []

[15]
Underfull \hbox (badness 10000) in paragraph at lines 306--307

 []


Underfull \hbox (badness 10000) in paragraph at lines 308--309

 []

<images/e22.png, id=251, 373.395pt x 82.3075pt>
File: images/e22.png Graphic file (type png)
<use images/e22.png>
Package pdftex.def Info: images/e22.png  used on input line 316.
(pdftex.def)             Requested size: 373.39409pt x 82.30728pt.

Overfull \hbox (28.39409pt too wide) in paragraph at lines 316--317
 [][] 
 []

<images/e23.png, id=252, 379.4175pt x 90.3375pt>
File: images/e23.png Graphic file (type png)
<use images/e23.png>
Package pdftex.def Info: images/e23.png  used on input line 322.
(pdftex.def)             Requested size: 379.41656pt x 90.33727pt.

Overfull \hbox (34.41656pt too wide) in paragraph at lines 322--323
 [][] 
 []

<images/e24.png, id=253, 370.38374pt x 88.33pt>
File: images/e24.png Graphic file (type png)
<use images/e24.png>
Package pdftex.def Info: images/e24.png  used on input line 328.
(pdftex.def)             Requested size: 370.38283pt x 88.32977pt.

Overfull \hbox (25.38283pt too wide) in paragraph at lines 328--329
 [][] 
 []

[16 <./images/e22.png> <./images/e23.png>]
<images/e25.png, id=260, 361.35pt x 94.3525pt>
File: images/e25.png Graphic file (type png)
<use images/e25.png>
Package pdftex.def Info: images/e25.png  used on input line 334.
(pdftex.def)             Requested size: 361.34912pt x 94.35225pt.

Overfull \hbox (16.34912pt too wide) in paragraph at lines 334--335
 [][] 
 []

<images/e26.png, id=261, 376.40625pt x 91.34125pt>
File: images/e26.png Graphic file (type png)
<use images/e26.png>
Package pdftex.def Info: images/e26.png  used on input line 340.
(pdftex.def)             Requested size: 376.40532pt x 91.34102pt.

Overfull \hbox (31.40532pt too wide) in paragraph at lines 340--341
 [][] 
 []

<images/e27.png, id=262, 370.38374pt x 90.3375pt>
File: images/e27.png Graphic file (type png)
<use images/e27.png>
Package pdftex.def Info: images/e27.png  used on input line 346.
(pdftex.def)             Requested size: 370.38283pt x 90.33727pt.

Overfull \hbox (25.38283pt too wide) in paragraph at lines 346--347
 [][] 
 []

<images/e28.png, id=263, 368.37625pt x 89.33376pt>
File: images/e28.png Graphic file (type png)
<use images/e28.png>
Package pdftex.def Info: images/e28.png  used on input line 352.
(pdftex.def)             Requested size: 368.37534pt x 89.33353pt.

Overfull \hbox (23.37534pt too wide) in paragraph at lines 352--353
 [][] 
 []

[17 <./images/e24.png> <./images/e25.png> <./images/e26.png> <./images/e27.png>
]
<images/e29.png, id=272, 360.34625pt x 85.31876pt>
File: images/e29.png Graphic file (type png)
<use images/e29.png>
Package pdftex.def Info: images/e29.png  used on input line 358.
(pdftex.def)             Requested size: 360.34537pt x 85.31853pt.

Overfull \hbox (15.34537pt too wide) in paragraph at lines 358--359
 [][] 
 []

<images/e210.png, id=273, 374.39874pt x 91.34125pt>
File: images/e210.png Graphic file (type png)
<use images/e210.png>
Package pdftex.def Info: images/e210.png  used on input line 364.
(pdftex.def)             Requested size: 374.39783pt x 91.34102pt.

Overfull \hbox (29.39783pt too wide) in paragraph at lines 364--365
 [][] 
 []

<images/e211.png, id=274, 257.96375pt x 470.75874pt>
File: images/e211.png Graphic file (type png)
<use images/e211.png>
Package pdftex.def Info: images/e211.png  used on input line 370.
(pdftex.def)             Requested size: 257.9631pt x 470.7576pt.
[18 <./images/e28.png> <./images/e29.png> <./images/e210.png>]
<images/e212.png, id=282, 367.3725pt x 91.34125pt>
File: images/e212.png Graphic file (type png)
<use images/e212.png>
Package pdftex.def Info: images/e212.png  used on input line 376.
(pdftex.def)             Requested size: 367.37158pt x 91.34102pt.

Overfull \hbox (22.37158pt too wide) in paragraph at lines 376--377
 [][] 
 []

[19 <./images/e211.png>]
<images/e213.png, id=289, 365.365pt x 88.33pt>
File: images/e213.png Graphic file (type png)
<use images/e213.png>
Package pdftex.def Info: images/e213.png  used on input line 382.
(pdftex.def)             Requested size: 365.3641pt x 88.32977pt.

Overfull \hbox (20.3641pt too wide) in paragraph at lines 382--383
 [][] 
 []

<images/e214.png, id=290, 393.47pt x 98.3675pt>
File: images/e214.png Graphic file (type png)
<use images/e214.png>
Package pdftex.def Info: images/e214.png  used on input line 388.
(pdftex.def)             Requested size: 393.46902pt x 98.36723pt.

Overfull \hbox (48.46902pt too wide) in paragraph at lines 388--389
 [][] 
 []

<images/e215.png, id=291, 379.4175pt x 91.34125pt>
File: images/e215.png Graphic file (type png)
<use images/e215.png>
Package pdftex.def Info: images/e215.png  used on input line 394.
(pdftex.def)             Requested size: 379.41656pt x 91.34102pt.

Overfull \hbox (34.41656pt too wide) in paragraph at lines 394--395
 [][] 
 []

<images/e216.png, id=292, 381.425pt x 133.49875pt>
File: images/e216.png Graphic file (type png)
<use images/e216.png>
Package pdftex.def Info: images/e216.png  used on input line 400.
(pdftex.def)             Requested size: 381.42406pt x 133.4984pt.

Overfull \hbox (36.42406pt too wide) in paragraph at lines 400--401
 [][] 
 []

[20 <./images/e212.png> <./images/e213.png> <./images/e214.png> <./images/e215.
png>]
<images/e217.png, id=301, 283.0575pt x 205.76875pt>
File: images/e217.png Graphic file (type png)
<use images/e217.png>
Package pdftex.def Info: images/e217.png  used on input line 406.
(pdftex.def)             Requested size: 283.0568pt x 205.76823pt.
 [21 <./images/e216.png> <./images/e217.png>]
Underfull \hbox (badness 10000) in paragraph at lines 418--419

 []


Underfull \hbox (badness 10000) in paragraph at lines 436--437

 []


Underfull \hbox (badness 10000) in paragraph at lines 438--439

 []

[22]
Underfull \hbox (badness 10000) in paragraph at lines 447--448

 []


Underfull \hbox (badness 10000) in paragraph at lines 449--450

 []


Underfull \hbox (badness 10000) in paragraph at lines 451--452

 []


Underfull \hbox (badness 10000) in paragraph at lines 453--454

 []


Underfull \hbox (badness 10000) in paragraph at lines 455--456

 []


Underfull \hbox (badness 10000) in paragraph at lines 457--458

 []


Underfull \hbox (badness 10000) in paragraph at lines 459--460

 []


Underfull \hbox (badness 10000) in paragraph at lines 465--466

 []

<images/e31.png, id=312, 280.04625pt x 155.58125pt>
File: images/e31.png Graphic file (type png)
<use images/e31.png>
Package pdftex.def Info: images/e31.png  used on input line 469.
(pdftex.def)             Requested size: 280.04555pt x 155.58086pt.
[23]
<images/e32.png, id=319, 233.87375pt x 371.3875pt>
File: images/e32.png Graphic file (type png)
<use images/e32.png>
Package pdftex.def Info: images/e32.png  used on input line 475.
(pdftex.def)             Requested size: 233.87315pt x 371.38658pt.
 [24 <./images/e31.png>]
<images/e33.png, id=325, 240.9pt x 404.51125pt>
File: images/e33.png Graphic file (type png)
<use images/e33.png>
Package pdftex.def Info: images/e33.png  used on input line 481.
(pdftex.def)             Requested size: 240.8994pt x 404.51025pt.
 [25 <./images/e32.png>]
<images/e34.png, id=333, 243.91125pt x 407.5225pt>
File: images/e34.png Graphic file (type png)
<use images/e34.png>
Package pdftex.def Info: images/e34.png  used on input line 487.
(pdftex.def)             Requested size: 243.91064pt x 407.5215pt.
 [26 <./images/e33.png>]
<images/e35.png, id=339, 242.9075pt x 402.50375pt>
File: images/e35.png Graphic file (type png)
<use images/e35.png>
Package pdftex.def Info: images/e35.png  used on input line 493.
(pdftex.def)             Requested size: 242.90689pt x 402.50276pt.

[27 <./images/e34.png>]
<images/e36.png, id=345, 287.0725pt x 225.84375pt>
File: images/e36.png Graphic file (type png)
<use images/e36.png>
Package pdftex.def Info: images/e36.png  used on input line 499.
(pdftex.def)             Requested size: 287.0718pt x 225.84319pt.
 [28 <./images/e35.png>] [29 <./images/e36.png>]
Underfull \hbox (badness 10000) in paragraph at lines 508--509

 []


Underfull \hbox (badness 10000) in paragraph at lines 510--511

 []


Underfull \hbox (badness 10000) in paragraph at lines 512--513

 []


Underfull \hbox (badness 10000) in paragraph at lines 514--515

 []


Underfull \hbox (badness 10000) in paragraph at lines 516--517

 []


Underfull \hbox (badness 10000) in paragraph at lines 518--519

 []


Underfull \hbox (badness 10000) in paragraph at lines 520--521

 []

[30] (./p5.aux)

Package rerunfilecheck Warning: File `p5.out' has changed.
(rerunfilecheck)                Rerun to get outlines right
(rerunfilecheck)                or use package `bookmark'.

Package rerunfilecheck Info: Checksums for `p5.out':
(rerunfilecheck)             Before: 66DF4031E7D0B6B8F32C3DC5B5BAF5A4;1486
(rerunfilecheck)             After:  94F425FB0CEBDC3856BCDC77B470D5DE;992.
 ) 
Here is how much of TeX's memory you used:
 8077 strings out of 479304
 128844 string characters out of 5869779
 436738 words of memory out of 5000000
 25000 multiletter control sequences out of 15000+600000
 408534 words of font info for 44 fonts, out of 8000000 for 9000
 1141 hyphenation exceptions out of 8191
 71i,17n,77p,720b,448s stack positions out of 5000i,500n,10000p,200000b,80000s
pdfTeX warning (dest): name{subsubsection.4.1.9} has been referenced but does
 not exist, replaced by a fixed one

pdfTeX warning (dest): name{subsubsection.4.1.8} has been referenced but does n
ot exist, replaced by a fixed one

pdfTeX warning (dest): name{subsubsection.4.1.7} has been referenced but does n
ot exist, replaced by a fixed one

pdfTeX warning (dest): name{subsubsection.4.1.6} has been referenced but does n
ot exist, replaced by a fixed one

pdfTeX warning (dest): name{subsubsection.4.1.5} has been referenced but does n
ot exist, replaced by a fixed one

pdfTeX warning (dest): name{subsubsection.4.1.4} has been referenced but does n
ot exist, replaced by a fixed one

pdfTeX warning (dest): name{subsubsection.4.1.3} has been referenced but does n
ot exist, replaced by a fixed one

{/usr/share/texmf/fonts/enc/dvips/cm-super/cm-super-ts1.enc}</usr/share/texlive
/texmf-dist/fonts/type1/public/amsfonts/cm/cmbx10.pfb></usr/share/texlive/texmf
-dist/fonts/type1/public/amsfonts/cm/cmbx12.pfb></usr/share/texlive/texmf-dist/
fonts/type1/public/amsfonts/cm/cmmi10.pfb></usr/share/texlive/texmf-dist/fonts/
type1/public/amsfonts/cm/cmr10.pfb></usr/share/texlive/texmf-dist/fonts/type1/p
ublic/amsfonts/cm/cmr12.pfb></usr/share/texlive/texmf-dist/fonts/type1/public/a
msfonts/cm/cmr17.pfb></usr/share/texlive/texmf-dist/fonts/type1/public/amsfonts
/cm/cmsy7.pfb></usr/share/texlive/texmf-dist/fonts/type1/public/amsfonts/cm/cmt
i10.pfb></usr/share/texlive/texmf-dist/fonts/type1/public/amsfonts/cm/cmtt10.pf
b></usr/share/texmf/fonts/type1/public/cm-super/sfrm1000.pfb>
Output written on p5.pdf (30 pages, 480048 bytes).
PDF statistics:
 419 PDF objects out of 1000 (max. 8388607)
 315 compressed objects within 4 object streams
 108 named destinations out of 1000 (max. 500000)
 443 words of extra memory for PDF output out of 10000 (max. 10000000)

